2025-03-29 09:20:03.725: [INFO] VisibilityChanged: 0
2025-03-29 09:20:03.792: [INFO] RecordSyncInitDurationhas_sync_been_enabled: 0 state: 0
2025-03-29 09:20:03.792: [INFO] RecordSyncInitDurationhas_sync_been_enabled: 0 state: 0
2025-03-29 09:20:03.792: [INFO] RecordSyncInitDurationhas_sync_been_enabled: 0 state: 0
2025-03-29 09:20:03.792: [INFO] RecordSyncInitDurationhas_sync_been_enabled: 0 state: 0
2025-03-29 09:20:03.792: [INFO] RecordSyncInitDurationhas_sync_been_enabled: 0 state: 0
2025-03-29 09:20:03.792: [INFO] RecordSyncInitDurationhas_sync_been_enabled: 0 state: 0
2025-03-29 09:20:03.792: [INFO] RecordSyncInitDurationhas_sync_been_enabled: 0 state: 0
2025-03-29 09:20:03.792: [INFO] RecordSyncInitDurationhas_sync_been_enabled: 0 state: 0
2025-03-29 09:20:03.792: [INFO] RecordSyncInitDurationhas_sync_been_enabled: 0 state: 0
2025-03-29 09:20:03.792: [INFO] RecordSyncInitDurationhas_sync_been_enabled: 0 state: 0
2025-03-29 09:20:03.793: [INFO] RecordSyncInitDurationhas_sync_been_enabled: 0 state: 0
2025-03-29 09:20:03.807: [INFO] BookmarkModelLoaded, ids_reassigned: 0
2025-03-29 09:20:03.808: [INFO] BookmarkNodeAdded, ABU: 0
2025-03-29 09:20:03.808: [INFO] BookmarkNodeAdded, ABU: 0
2025-03-29 09:20:03.808: [INFO] OnDoneLoading sync enabled: 0
2025-03-29 09:20:03.874: [INFO] RecordSyncInitDurationhas_sync_been_enabled: 0 state: 0
2025-03-29 09:20:07.506: [INFO] RecordSyncInitDurationhas_sync_been_enabled: 0 state: 3
2025-03-29 09:20:07.519: [INFO] Primary account changed.
2025-03-29 09:20:07.519: [INFO] OnPrimaryAccountChangedPrimaryAccountChangeEvent::Type::kSet
2025-03-29 09:20:07.521: [INFO] RecordSyncInitDurationhas_sync_been_enabled: 0 state: 3
2025-03-29 09:20:10.297: [INFO] BookmarkNodeAdded, ABU: 0
2025-03-29 09:20:10.297: [INFO] BookmarkNodeAdded, ABU: 0
2025-03-29 09:20:10.297: [INFO] BookmarkNodeAdded, ABU: 0
2025-03-29 09:20:10.297: [INFO] BookmarkNodeAdded, ABU: 0
2025-03-29 09:20:10.297: [INFO] BookmarkNodeAdded, ABU: 0
2025-03-29 09:20:10.297: [INFO] BookmarkNodeAdded, ABU: 0
2025-03-29 09:20:10.297: [INFO] BookmarkNodeAdded, ABU: 0
2025-03-29 09:20:10.298: [INFO] BookmarkNodeAdded, ABU: 0
2025-03-29 09:20:10.298: [INFO] BookmarkNodeAdded, ABU: 0
2025-03-29 09:20:10.298: [INFO] BookmarkNodeAdded, ABU: 0
2025-03-29 09:20:10.298: [INFO] BookmarkNodeAdded, ABU: 0
2025-03-29 09:20:10.298: [INFO] BookmarkNodeAdded, ABU: 0
2025-03-29 09:20:10.298: [INFO] BookmarkNodeAdded, ABU: 0
2025-03-29 09:20:10.298: [INFO] BookmarkNodeAdded, ABU: 0
2025-03-29 09:20:10.298: [INFO] BookmarkNodeAdded, ABU: 0
2025-03-29 09:20:10.298: [INFO] BookmarkNodeAdded, ABU: 0
2025-03-29 09:20:10.298: [INFO] BookmarkNodeAdded, ABU: 0
2025-03-29 09:20:10.298: [INFO] BookmarkNodeAdded, ABU: 0
2025-03-29 09:20:10.298: [INFO] BookmarkNodeAdded, ABU: 0
2025-03-29 09:20:10.298: [INFO] BookmarkNodeAdded, ABU: 0
2025-03-29 09:20:10.298: [INFO] BookmarkNodeAdded, ABU: 0
2025-03-29 09:20:10.298: [INFO] BookmarkNodeAdded, ABU: 0
2025-03-29 09:20:10.298: [INFO] BookmarkNodeAdded, ABU: 0
2025-03-29 09:20:10.298: [INFO] BookmarkNodeAdded, ABU: 0
2025-03-29 09:20:10.298: [INFO] BookmarkNodeAdded, ABU: 0
2025-03-29 09:20:10.298: [INFO] BookmarkNodeAdded, ABU: 0
2025-03-29 09:20:10.298: [INFO] BookmarkNodeAdded, ABU: 0
2025-03-29 09:20:10.298: [INFO] BookmarkNodeAdded, ABU: 0
2025-03-29 09:20:10.298: [INFO] BookmarkNodeAdded, ABU: 0
2025-03-29 09:20:10.299: [INFO] BookmarkNodeAdded, ABU: 0
2025-03-29 09:20:10.300: [INFO] BookmarkNodeAdded, ABU: 0
2025-03-29 09:20:10.302: [INFO] BookmarkNodeAdded, ABU: 0
2025-03-29 09:20:10.303: [INFO] BookmarkNodeAdded, ABU: 0
2025-03-29 09:20:10.482: [INFO] Sync initialization duration: 2613ms
2025-03-29 09:26:02.233: [INFO] VisibilityChanged: 0
2025-03-29 09:26:02.312: [INFO] BookmarkModelLoaded, ids_reassigned: 0
2025-03-29 09:26:02.313: [INFO] BookmarkNodeAdded, ABU: 0
2025-03-29 09:26:02.313: [INFO] BookmarkNodeAdded, ABU: 0
2025-03-29 09:26:02.313: [INFO] OnDoneLoading sync enabled: 1
2025-03-29 09:26:03.993: [INFO] Sync initialization duration: 1432ms
2025-03-29 10:21:44.139: [INFO] VisibilityChanged: 0
2025-03-29 10:21:44.222: [INFO] BookmarkModelLoaded, ids_reassigned: 0
2025-03-29 10:21:44.223: [INFO] BookmarkNodeAdded, ABU: 0
2025-03-29 10:21:44.224: [INFO] BookmarkNodeAdded, ABU: 0
2025-03-29 10:21:44.224: [INFO] OnDoneLoading sync enabled: 1
2025-03-29 10:21:46.738: [INFO] Sync initialization duration: 2185ms
2025-03-29 12:00:39.731: [INFO] VisibilityChanged: 0
2025-03-29 12:00:39.824: [INFO] BookmarkModelLoaded, ids_reassigned: 0
2025-03-29 12:00:39.824: [INFO] BookmarkNodeAdded, ABU: 0
2025-03-29 12:00:39.824: [INFO] BookmarkNodeAdded, ABU: 0
2025-03-29 12:00:39.824: [INFO] OnDoneLoading sync enabled: 1
2025-03-29 12:00:41.096: [INFO] Sync initialization duration: 974ms
2025-03-29 12:13:30.349: [INFO] VisibilityChanged: 0
2025-03-29 12:13:30.446: [INFO] BookmarkModelLoaded, ids_reassigned: 0
2025-03-29 12:13:30.447: [INFO] BookmarkNodeAdded, ABU: 0
2025-03-29 12:13:30.447: [INFO] BookmarkNodeAdded, ABU: 0
2025-03-29 12:13:30.448: [INFO] OnDoneLoading sync enabled: 1
2025-03-29 12:13:32.328: [INFO] Sync initialization duration: 1551ms
2025-03-29 12:56:55.284: [INFO] VisibilityChanged: 0
2025-03-29 12:56:55.367: [INFO] BookmarkModelLoaded, ids_reassigned: 0
2025-03-29 12:56:55.368: [INFO] BookmarkNodeAdded, ABU: 0
2025-03-29 12:56:55.368: [INFO] BookmarkNodeAdded, ABU: 0
2025-03-29 12:56:55.368: [INFO] OnDoneLoading sync enabled: 1
2025-03-29 12:56:58.225: [INFO] Sync initialization duration: 2510ms
2025-03-29 13:02:28.055: [INFO] VisibilityChanged: 0
2025-03-29 13:02:28.141: [INFO] BookmarkModelLoaded, ids_reassigned: 0
2025-03-29 13:02:28.142: [INFO] BookmarkNodeAdded, ABU: 0
2025-03-29 13:02:28.142: [INFO] BookmarkNodeAdded, ABU: 0
2025-03-29 13:02:28.142: [INFO] OnDoneLoading sync enabled: 1
2025-03-29 13:02:30.105: [INFO] Sync initialization duration: 1590ms
2025-03-30 06:09:18.503: [INFO] VisibilityChanged: 0
2025-03-30 06:09:18.629: [INFO] BookmarkModelLoaded, ids_reassigned: 0
2025-03-30 06:09:18.630: [INFO] BookmarkNodeAdded, ABU: 0
2025-03-30 06:09:18.630: [INFO] BookmarkNodeAdded, ABU: 0
2025-03-30 06:09:18.630: [INFO] OnDoneLoading sync enabled: 1
2025-03-30 06:09:20.364: [INFO] Sync initialization duration: 816ms
2025-04-01 02:15:17.013: [INFO] VisibilityChanged: 0
2025-04-01 02:15:17.097: [INFO] BookmarkModelLoaded, ids_reassigned: 0
2025-04-01 02:15:17.097: [INFO] BookmarkNodeAdded, ABU: 0
2025-04-01 02:15:17.097: [INFO] BookmarkNodeAdded, ABU: 0
2025-04-01 02:15:17.098: [INFO] OnDoneLoading sync enabled: 1
2025-04-01 02:15:20.169: [INFO] Sync initialization duration: 1214ms
2025-04-30 07:08:39.539: [INFO] VisibilityChanged: 0
2025-04-30 07:08:39.602: [INFO] BookmarkNodeAdded, ABU: 0
2025-04-30 07:08:39.602: [INFO] BookmarkNodeAdded, ABU: 0
2025-04-30 07:08:39.602: [INFO] BookmarkModelLoaded, ids_reassigned: 0
2025-04-30 07:08:39.602: [INFO] OnDoneLoading sync enabled: 1
2025-04-30 07:09:07.786: [INFO] Sync initialization duration: 24157ms
