{"logTime": "0329/092412", "correlationVector":"3Wynt9tqiwnrL0TK3r6Jh1.4","action":"GetUpdates Response", "result":"Success", "context":Received 2 update(s). cV=3Wynt9tqiwnrL0TK3r6Jh1.0;server=akswtt00600001i;cloudType=Consumer;environment=Prod_japaneast_prod-s01-061-apac-japaneast;migrationStage=NotStarted}
{"logTime": "0329/092603", "correlationVector":"8QjvFqTF6OUgW1ROg4U1hZ.1","action":"SyncServerConnectionManagerRequest", "result":"SYNC_SERVER_OK", "context":{"environment":"Prod_japaneast_prod-s01-061-apac-japaneast", "migrationStage":"NotStarted", "server":"akswtt00600001p"}}
{"logTime": "0329/092603", "correlationVector":"8QjvFqTF6OUgW1ROg4U1hZ.2","action":"ProcessGetUpdates", "result":"Done", "context":{"dataType":"Encryption Keys", "deleted":"0", "process_failed_to_decrypt":"0", "process_pending_decryption":"0", "process_success":"1", "total":"1"}}
{"logTime": "0329/092603", "correlationVector":"660q/+UIRw6qJl+qipE196","action":"SyncServerConnectionManagerRequest", "result":"SYNC_SERVER_OK", "context":{"environment":"", "migrationStage":"", "server":""}}
{"logTime": "0329/092603", "correlationVector":"660q/+UIRw6qJl+qipE196.0","action":"EncryptionKeysFetcher.DownloadKeys:", "result":"Success", "context":Key count: 9, Last key timestamp: 2024-10-04T11:12:08Z}
{"logTime": "0329/092603", "correlationVector":"660q/+UIRw6qJl+qipE196.1","action":"EncryptionKeysManager::SetEncryptionKeys:", "result":"Success", "context":Key names[9]:[gzREIIqKcpdsBfmXYmGdttzMWnSSOJPLccgLVlWHJxQdiT+iumY3IRnhpi6R9XKuzi5l+lGxE10m683UcMWaPg==][47rvE7JHHjJKjuVtU7RjdfYC1eNM5qjzDRxhxD1oHBoQXwyAODrnux+ZoqfuwROlTqM7hqNrgI/n9JYiCUGsiA==][5reJYmqb280dfA03xVWzEzY8APvgTrzc2RPrbogkpq1uulS1Edt6NDvqDUMJ/j10fSMDrr2xfWTgHdcNOwqxdQ==][RPmZm/EtUtPB8JiYipFsMSq0c6hVIORDQa8ntfqcFUtaJunIC11XfE9Sczl+CqlMd8f/J3fhTmJPTx2HdChowQ==][KyMWOHyM7YEHbOHGNmkAi+XBIeE1pHups/sI6X/UcHqu0NymfnJVfEFzaCvJ3qz2tUi4wreDkOJqNXtpiOQWrw==][WwbF2rnlSP5uJiH8WjC3OlCuRluzm4sHXJq6EAf+XqwzZzb0KSA/yxdAdVuiKHyksagm6/Q1jNluoGEmsPnV4w==][qQz55qPLQCFxTH4xuQhd5mFarAupQ7yqKXbddQXsObNPAebWo+WO9yRaBy6lTbcy8WDX6/BlBZPIhXRZAbAK6Q==][kGv3o+gYbDzFQjf0Wl+tz7qQyyS01k0ELoGpFk5Ml2EQQeigLTl69riP3O5BnfDtia82N3bqesAZPpcxkBC4Ug==][eXXmMviyWvjA8xJqnvTSTBDXtI3g//cYMilrg/Ij0E0maKaMP93wPpe7VkGD2hoOqvA2TBU/FzqvE1b2w1K/dQ==]}
{"logTime": "0329/092603", "correlationVector":"660q/+UIRw6qJl+qipE196.2","action":"EncryptionKeysManager::SetEncryptionKeysWithTimestamps:", "result":"Success", "context":Key timestamps[9]:[2020-10-10T14:41:25Z][2021-04-09T01:28:20Z][2021-11-14T23:14:38Z][2022-05-15T00:37:09Z][2022-12-18T09:48:51Z][2023-03-20T11:20:38Z][2023-04-11T00:24:13Z][2024-04-07T02:44:24Z][2024-10-04T11:12:08Z]}
{"logTime": "0329/092603", "correlationVector":"8QjvFqTF6OUgW1ROg4U1hZ","action":"Initial GetUpdates", "result":"", "context":Reason: NEW_CLIENT. cV=8QjvFqTF6OUgW1ROg4U1hZ}
{"logTime": "0329/092603", "correlationVector":"8QjvFqTF6OUgW1ROg4U1hZ.3","action":"GetUpdates Response", "result":"Success", "context":Received 1 update(s). cV=8QjvFqTF6OUgW1ROg4U1hZ.0;server=akswtt00600001p;cloudType=Consumer;environment=Prod_japaneast_prod-s01-061-apac-japaneast;migrationStage=NotStarted}
{"logTime": "0329/092603", "correlationVector":"4iB3aTU/LKnkirPAqaYSU7","action":"Initial GetUpdates", "result":"", "context":Reason: NEWLY_SUPPORTED_DATATYPE. cV=4iB3aTU/LKnkirPAqaYSU7}
{"logTime": "0329/092603", "correlationVector":"4iB3aTU/LKnkirPAqaYSU7.1","action":"SyncServerConnectionManagerRequest", "result":"SYNC_SERVER_OK", "context":{"environment":"Prod_japaneast_prod-s01-061-apac-japaneast", "migrationStage":"NotStarted", "server":"akswtt00600002u"}}
{"logTime": "0329/092603", "correlationVector":"4iB3aTU/LKnkirPAqaYSU7.2","action":"ProcessGetUpdates", "result":"Done", "context":{"dataType":"Passwords", "deleted":"3", "process_failed_to_decrypt":"0", "process_pending_decryption":"0", "process_success":"45", "total":"45"}}
{"logTime": "0329/092603", "correlationVector":"4iB3aTU/LKnkirPAqaYSU7.3","action":"GetUpdates Response", "result":"Success", "context":Received 45 update(s). cV=4iB3aTU/LKnkirPAqaYSU7.0;server=akswtt00600002u;cloudType=Consumer;environment=Prod_japaneast_prod-s01-061-apac-japaneast;migrationStage=NotStarted}
{"logTime": "0329/092604", "correlationVector":"lPu2X/qSs17woesrbunB9J","action":"Normal GetUpdate request", "result":"", "context":cV=lPu2X/qSs17woesrbunB9J
Nudged types: Sessions, Device Info, History
Refresh requested types: Bookmarks, Preferences, Passwords, Autofill Profiles, Autofill, Extensions, Sessions, Extension settings, History Delete Directives, Device Info, User Consents, Send Tab To Self, Web Apps, History, Collection, Edge E Drop, Edge Hub App Usage, Edge Tab Group, Edge Wallet, Encryption Keys}
{"logTime": "0329/092604", "correlationVector":"lPu2X/qSs17woesrbunB9J.1","action":"SyncServerConnectionManagerRequest", "result":"SYNC_SERVER_OK", "context":{"environment":"Prod_japaneast_prod-s01-061-apac-japaneast", "migrationStage":"NotStarted", "server":"akswtt00600000c"}}
{"logTime": "0329/092604", "correlationVector":"lPu2X/qSs17woesrbunB9J.2","action":"ProcessGetUpdates", "result":"Done", "context":{"dataType":"Sessions", "deleted":"0", "process_failed_to_decrypt":"0", "process_pending_decryption":"0", "process_success":"1", "total":"1"}}
{"logTime": "0329/092604", "correlationVector":"lPu2X/qSs17woesrbunB9J.3","action":"GetUpdates Response", "result":"Success", "context":Received 1 update(s). cV=lPu2X/qSs17woesrbunB9J.0;server=akswtt00600000c;cloudType=Consumer;environment=Prod_japaneast_prod-s01-061-apac-japaneast;migrationStage=NotStarted}
{"logTime": "0329/092604", "correlationVector":"/4E+pmdPI+jeDq+3Rr2F36","action":"Commit Request", "result":"", "context":Item count: 6
Contributing types: Sessions, Device Info, History}
{"logTime": "0329/092604", "correlationVector":"/4E+pmdPI+jeDq+3Rr2F36.1","action":"SyncServerConnectionManagerRequest", "result":"SYNC_SERVER_OK", "context":{"environment":"Prod_japaneast_prod-s01-061-apac-japaneast", "migrationStage":"NotStarted", "server":"akswtt00600000p"}}
{"logTime": "0329/092604", "correlationVector":"/4E+pmdPI+jeDq+3Rr2F36.2","action":"Commit Response", "result":"Success", "context":Result: Success. cV=/4E+pmdPI+jeDq+3Rr2F36.0;server=akswtt00600000p;cloudType=Consumer;environment=Prod_japaneast_prod-s01-061-apac-japaneast;migrationStage=NotStarted}
{"logTime": "0329/092604", "correlationVector":"/4E+pmdPI+jeDq+3Rr2F36.3","action":"Commit.Sessions", "result":"Success", "context":{"id":"cbca344b-3425-4ee6-b84e-25ff1d788448", "isDeleted":"true", "size":"0", "version":"1743240249620"}}
{"logTime": "0329/092605", "correlationVector":"4VzbnciGIS6WudvY1gFJIv","action":"Normal GetUpdate request", "result":"", "context":cV=4VzbnciGIS6WudvY1gFJIv
Notified types: History}
{"logTime": "0329/092605", "correlationVector":"4VzbnciGIS6WudvY1gFJIv.1","action":"SyncServerConnectionManagerRequest", "result":"SYNC_SERVER_OK", "context":{"environment":"Prod_japaneast_prod-s01-061-apac-japaneast", "migrationStage":"NotStarted", "server":"akswtt00600000z"}}
{"logTime": "0329/092605", "correlationVector":"4VzbnciGIS6WudvY1gFJIv.2","action":"ProcessGetUpdates", "result":"Done", "context":{"dataType":"Sessions", "deleted":"1", "process_failed_to_decrypt":"0", "process_pending_decryption":"0", "process_success":"4", "total":"4"}}
{"logTime": "0329/092605", "correlationVector":"4VzbnciGIS6WudvY1gFJIv.3","action":"ProcessGetUpdates", "result":"Done", "context":{"dataType":"Device Info", "deleted":"0", "process_failed_to_decrypt":"0", "process_pending_decryption":"0", "process_success":"1", "total":"1"}}
{"logTime": "0329/092605", "correlationVector":"4VzbnciGIS6WudvY1gFJIv.4","action":"ProcessGetUpdates", "result":"Done", "context":{"dataType":"History", "deleted":"0", "process_failed_to_decrypt":"0", "process_pending_decryption":"0", "process_success":"4", "total":"4"}}
{"logTime": "0329/092605", "correlationVector":"4VzbnciGIS6WudvY1gFJIv.5","action":"GetUpdates Response", "result":"Success", "context":Received 9 update(s). cV=4VzbnciGIS6WudvY1gFJIv.0;server=akswtt00600000z;cloudType=Consumer;environment=Prod_japaneast_prod-s01-061-apac-japaneast;migrationStage=NotStarted}
{"logTime": "0329/092605", "correlationVector":"pUSuaunbj3Olaw0Vs7+lXB","action":"Commit Request", "result":"", "context":Item count: 1
Contributing types: Preferences}
{"logTime": "0329/092606", "correlationVector":"pUSuaunbj3Olaw0Vs7+lXB.1","action":"SyncServerConnectionManagerRequest", "result":"SYNC_SERVER_OK", "context":{"environment":"Prod_japaneast_prod-s01-061-apac-japaneast", "migrationStage":"NotStarted", "server":"akswtt00600004o"}}
{"logTime": "0329/092606", "correlationVector":"pUSuaunbj3Olaw0Vs7+lXB.2","action":"Commit Response", "result":"Success", "context":Result: Success. cV=pUSuaunbj3Olaw0Vs7+lXB.0;server=akswtt00600004o;cloudType=Consumer;environment=Prod_japaneast_prod-s01-061-apac-japaneast;migrationStage=NotStarted}
{"logTime": "0329/092704", "correlationVector":"cFulm4o2pje6iLmxc0K0p/","action":"Commit Request", "result":"", "context":Item count: 2
Contributing types: Sessions, History}
{"logTime": "0329/092704", "correlationVector":"cFulm4o2pje6iLmxc0K0p/.1","action":"SyncServerConnectionManagerRequest", "result":"SYNC_SERVER_OK", "context":{"environment":"Prod_japaneast_prod-s01-061-apac-japaneast", "migrationStage":"NotStarted", "server":"akswtt00600002v"}}
{"logTime": "0329/092704", "correlationVector":"cFulm4o2pje6iLmxc0K0p/.2","action":"Commit Response", "result":"Success", "context":Result: Success. cV=cFulm4o2pje6iLmxc0K0p/.0;server=akswtt00600002v;cloudType=Consumer;environment=Prod_japaneast_prod-s01-061-apac-japaneast;migrationStage=NotStarted}
{"logTime": "0329/102146", "correlationVector":"7hjm0W1RepqqGEiKxoklwR.1","action":"SyncServerConnectionManagerRequest", "result":"SYNC_SERVER_OK", "context":{"environment":"Prod_japaneast_prod-s01-061-apac-japaneast", "migrationStage":"NotStarted", "server":"akswtt006000009"}}
{"logTime": "0329/102146", "correlationVector":"7hjm0W1RepqqGEiKxoklwR.2","action":"ProcessGetUpdates", "result":"Done", "context":{"dataType":"Encryption Keys", "deleted":"0", "process_failed_to_decrypt":"0", "process_pending_decryption":"0", "process_success":"1", "total":"1"}}
{"logTime": "0329/102146", "correlationVector":"NqF6ea++OvtXsZSSsg18lv","action":"SyncServerConnectionManagerRequest", "result":"SYNC_SERVER_OK", "context":{"environment":"", "migrationStage":"", "server":""}}
{"logTime": "0329/102146", "correlationVector":"NqF6ea++OvtXsZSSsg18lv.0","action":"EncryptionKeysFetcher.DownloadKeys:", "result":"Success", "context":Key count: 9, Last key timestamp: 2024-10-04T11:12:08Z}
{"logTime": "0329/102146", "correlationVector":"NqF6ea++OvtXsZSSsg18lv.1","action":"EncryptionKeysManager::SetEncryptionKeys:", "result":"Success", "context":Key names[9]:[gzREIIqKcpdsBfmXYmGdttzMWnSSOJPLccgLVlWHJxQdiT+iumY3IRnhpi6R9XKuzi5l+lGxE10m683UcMWaPg==][47rvE7JHHjJKjuVtU7RjdfYC1eNM5qjzDRxhxD1oHBoQXwyAODrnux+ZoqfuwROlTqM7hqNrgI/n9JYiCUGsiA==][5reJYmqb280dfA03xVWzEzY8APvgTrzc2RPrbogkpq1uulS1Edt6NDvqDUMJ/j10fSMDrr2xfWTgHdcNOwqxdQ==][RPmZm/EtUtPB8JiYipFsMSq0c6hVIORDQa8ntfqcFUtaJunIC11XfE9Sczl+CqlMd8f/J3fhTmJPTx2HdChowQ==][KyMWOHyM7YEHbOHGNmkAi+XBIeE1pHups/sI6X/UcHqu0NymfnJVfEFzaCvJ3qz2tUi4wreDkOJqNXtpiOQWrw==][WwbF2rnlSP5uJiH8WjC3OlCuRluzm4sHXJq6EAf+XqwzZzb0KSA/yxdAdVuiKHyksagm6/Q1jNluoGEmsPnV4w==][qQz55qPLQCFxTH4xuQhd5mFarAupQ7yqKXbddQXsObNPAebWo+WO9yRaBy6lTbcy8WDX6/BlBZPIhXRZAbAK6Q==][kGv3o+gYbDzFQjf0Wl+tz7qQyyS01k0ELoGpFk5Ml2EQQeigLTl69riP3O5BnfDtia82N3bqesAZPpcxkBC4Ug==][eXXmMviyWvjA8xJqnvTSTBDXtI3g//cYMilrg/Ij0E0maKaMP93wPpe7VkGD2hoOqvA2TBU/FzqvE1b2w1K/dQ==]}
{"logTime": "0329/102146", "correlationVector":"NqF6ea++OvtXsZSSsg18lv.2","action":"EncryptionKeysManager::SetEncryptionKeysWithTimestamps:", "result":"Success", "context":Key timestamps[9]:[2020-10-10T14:41:25Z][2021-04-09T01:28:20Z][2021-11-14T23:14:38Z][2022-05-15T00:37:09Z][2022-12-18T09:48:51Z][2023-03-20T11:20:38Z][2023-04-11T00:24:13Z][2024-04-07T02:44:24Z][2024-10-04T11:12:08Z]}
{"logTime": "0329/102146", "correlationVector":"7hjm0W1RepqqGEiKxoklwR","action":"Initial GetUpdates", "result":"", "context":Reason: NEW_CLIENT. cV=7hjm0W1RepqqGEiKxoklwR}
{"logTime": "0329/102146", "correlationVector":"7hjm0W1RepqqGEiKxoklwR.3","action":"GetUpdates Response", "result":"Success", "context":Received 1 update(s). cV=7hjm0W1RepqqGEiKxoklwR.0;server=akswtt006000009;cloudType=Consumer;environment=Prod_japaneast_prod-s01-061-apac-japaneast;migrationStage=NotStarted}
{"logTime": "0329/102146", "correlationVector":"NbRlvSlijSKNcepqesG6j9","action":"Initial GetUpdates", "result":"", "context":Reason: NEWLY_SUPPORTED_DATATYPE. cV=NbRlvSlijSKNcepqesG6j9}
{"logTime": "0329/102146", "correlationVector":"NbRlvSlijSKNcepqesG6j9.1","action":"SyncServerConnectionManagerRequest", "result":"SYNC_SERVER_OK", "context":{"environment":"Prod_japaneast_prod-s01-061-apac-japaneast", "migrationStage":"NotStarted", "server":"akswtt00600001k"}}
{"logTime": "0329/102146", "correlationVector":"NbRlvSlijSKNcepqesG6j9.2","action":"ProcessGetUpdates", "result":"Done", "context":{"dataType":"Passwords", "deleted":"3", "process_failed_to_decrypt":"0", "process_pending_decryption":"0", "process_success":"45", "total":"45"}}
{"logTime": "0329/102146", "correlationVector":"NbRlvSlijSKNcepqesG6j9.3","action":"GetUpdates Response", "result":"Success", "context":Received 45 update(s). cV=NbRlvSlijSKNcepqesG6j9.0;server=akswtt00600001k;cloudType=Consumer;environment=Prod_japaneast_prod-s01-061-apac-japaneast;migrationStage=NotStarted}
{"logTime": "0329/102146", "correlationVector":"CGuGlSbDX0tn/+DL4f2NSl","action":"Normal GetUpdate request", "result":"", "context":cV=CGuGlSbDX0tn/+DL4f2NSl
Nudged types: Sessions, Device Info, History
Refresh requested types: Bookmarks, Preferences, Passwords, Autofill Profiles, Autofill, Extensions, Sessions, Extension settings, History Delete Directives, Device Info, User Consents, Send Tab To Self, Web Apps, History, Collection, Edge E Drop, Edge Hub App Usage, Edge Tab Group, Edge Wallet, Encryption Keys}
{"logTime": "0329/102146", "correlationVector":"CGuGlSbDX0tn/+DL4f2NSl.1","action":"SyncServerConnectionManagerRequest", "result":"SYNC_SERVER_OK", "context":{"environment":"Prod_japaneast_prod-s01-061-apac-japaneast", "migrationStage":"NotStarted", "server":"akswtt006000009"}}
{"logTime": "0329/102146", "correlationVector":"CGuGlSbDX0tn/+DL4f2NSl.2","action":"ProcessGetUpdates", "result":"Done", "context":{"dataType":"Preferences", "deleted":"0", "process_failed_to_decrypt":"0", "process_pending_decryption":"0", "process_success":"1", "total":"1"}}
{"logTime": "0329/102146", "correlationVector":"CGuGlSbDX0tn/+DL4f2NSl.3","action":"ProcessGetUpdates", "result":"Done", "context":{"dataType":"Sessions", "deleted":"0", "process_failed_to_decrypt":"0", "process_pending_decryption":"0", "process_success":"2", "total":"2"}}
{"logTime": "0329/102146", "correlationVector":"CGuGlSbDX0tn/+DL4f2NSl.4","action":"ProcessGetUpdates", "result":"Done", "context":{"dataType":"Device Info", "deleted":"0", "process_failed_to_decrypt":"0", "process_pending_decryption":"0", "process_success":"1", "total":"1"}}
{"logTime": "0329/102146", "correlationVector":"CGuGlSbDX0tn/+DL4f2NSl.5","action":"ProcessGetUpdates", "result":"Done", "context":{"dataType":"History", "deleted":"0", "process_failed_to_decrypt":"0", "process_pending_decryption":"0", "process_success":"4", "total":"4"}}
{"logTime": "0329/102146", "correlationVector":"CGuGlSbDX0tn/+DL4f2NSl.6","action":"GetUpdates Response", "result":"Success", "context":Received 8 update(s). cV=CGuGlSbDX0tn/+DL4f2NSl.0;server=akswtt006000009;cloudType=Consumer;environment=Prod_japaneast_prod-s01-061-apac-japaneast;migrationStage=NotStarted}
{"logTime": "0329/102147", "correlationVector":"Gcy0XSmm9csZT52SBg5Zvv","action":"Commit Request", "result":"", "context":Item count: 4
Contributing types: Sessions, Device Info, History}
{"logTime": "0329/102147", "correlationVector":"Gcy0XSmm9csZT52SBg5Zvv.1","action":"SyncServerConnectionManagerRequest", "result":"SYNC_SERVER_OK", "context":{"environment":"Prod_japaneast_prod-s01-061-apac-japaneast", "migrationStage":"NotStarted", "server":"akswtt00600000v"}}
{"logTime": "0329/102147", "correlationVector":"Gcy0XSmm9csZT52SBg5Zvv.2","action":"Commit Response", "result":"Success", "context":Result: Success. cV=Gcy0XSmm9csZT52SBg5Zvv.0;server=akswtt00600000v;cloudType=Consumer;environment=Prod_japaneast_prod-s01-061-apac-japaneast;migrationStage=NotStarted}
{"logTime": "0329/102150", "correlationVector":"Ar+90ZaZaMFrwI/Ce8mG09","action":"Commit Request", "result":"", "context":Item count: 4
Contributing types: Preferences, Sessions, History}
{"logTime": "0329/102151", "correlationVector":"Ar+90ZaZaMFrwI/Ce8mG09.1","action":"SyncServerConnectionManagerRequest", "result":"SYNC_SERVER_OK", "context":{"environment":"Prod_japaneast_prod-s01-061-apac-japaneast", "migrationStage":"NotStarted", "server":"akswtt00600001x"}}
{"logTime": "0329/102151", "correlationVector":"Ar+90ZaZaMFrwI/Ce8mG09.2","action":"Commit Response", "result":"Success", "context":Result: Success. cV=Ar+90ZaZaMFrwI/Ce8mG09.0;server=akswtt00600001x;cloudType=Consumer;environment=Prod_japaneast_prod-s01-061-apac-japaneast;migrationStage=NotStarted}
{"logTime": "0329/102151", "correlationVector":"Ar+90ZaZaMFrwI/Ce8mG09.3","action":"Commit.Sessions", "result":"Success", "context":{"id":"8f0383f2-4b4b-404b-8289-d30b0f65fefa", "isDeleted":"true", "size":"0", "version":"1743243707427"}}
{"logTime": "0329/105131", "correlationVector":"e5haX6+CWwgw/r1nKUTxja","action":"Commit Request", "result":"", "context":Item count: 1
Contributing types: Sessions}
{"logTime": "0329/105131", "correlationVector":"e5haX6+CWwgw/r1nKUTxja.1","action":"SyncServerConnectionManagerRequest", "result":"SYNC_SERVER_OK", "context":{"environment":"Prod_japaneast_prod-s01-061-apac-japaneast", "migrationStage":"NotStarted", "server":"akswtt00600004j"}}
{"logTime": "0329/105131", "correlationVector":"e5haX6+CWwgw/r1nKUTxja.2","action":"Commit Response", "result":"Success", "context":Result: Success. cV=e5haX6+CWwgw/r1nKUTxja.0;server=akswtt00600004j;cloudType=Consumer;environment=Prod_japaneast_prod-s01-061-apac-japaneast;migrationStage=NotStarted}
{"logTime": "0329/105235", "correlationVector":"Hwsw+eUe6wQr0xhrL4hCUD","action":"Commit Request", "result":"", "context":Item count: 1
Contributing types: Sessions}
{"logTime": "0329/105235", "correlationVector":"Hwsw+eUe6wQr0xhrL4hCUD.1","action":"SyncServerConnectionManagerRequest", "result":"SYNC_SERVER_OK", "context":{"environment":"Prod_japaneast_prod-s01-061-apac-japaneast", "migrationStage":"NotStarted", "server":"akswtt00600003j"}}
{"logTime": "0329/105235", "correlationVector":"Hwsw+eUe6wQr0xhrL4hCUD.2","action":"Commit Response", "result":"Success", "context":Result: Success. cV=Hwsw+eUe6wQr0xhrL4hCUD.0;server=akswtt00600003j;cloudType=Consumer;environment=Prod_japaneast_prod-s01-061-apac-japaneast;migrationStage=NotStarted}
{"logTime": "0329/120040", "correlationVector":"ksCWS6h7WcyvCTdrUwSbj+.1","action":"SyncServerConnectionManagerRequest", "result":"SYNC_SERVER_OK", "context":{"environment":"Prod_japaneast_prod-s01-061-apac-japaneast", "migrationStage":"NotStarted", "server":"akswtt006000011"}}
{"logTime": "0329/120040", "correlationVector":"ksCWS6h7WcyvCTdrUwSbj+.2","action":"ProcessGetUpdates", "result":"Done", "context":{"dataType":"Encryption Keys", "deleted":"0", "process_failed_to_decrypt":"0", "process_pending_decryption":"0", "process_success":"1", "total":"1"}}
{"logTime": "0329/120040", "correlationVector":"r7PcicD+eFQD5bUM9Wzan2","action":"SyncServerConnectionManagerRequest", "result":"SYNC_SERVER_OK", "context":{"environment":"", "migrationStage":"", "server":""}}
{"logTime": "0329/120040", "correlationVector":"r7PcicD+eFQD5bUM9Wzan2.0","action":"EncryptionKeysFetcher.DownloadKeys:", "result":"Success", "context":Key count: 9, Last key timestamp: 2024-10-04T11:12:08Z}
{"logTime": "0329/120040", "correlationVector":"r7PcicD+eFQD5bUM9Wzan2.1","action":"EncryptionKeysManager::SetEncryptionKeys:", "result":"Success", "context":Key names[9]:[gzREIIqKcpdsBfmXYmGdttzMWnSSOJPLccgLVlWHJxQdiT+iumY3IRnhpi6R9XKuzi5l+lGxE10m683UcMWaPg==][47rvE7JHHjJKjuVtU7RjdfYC1eNM5qjzDRxhxD1oHBoQXwyAODrnux+ZoqfuwROlTqM7hqNrgI/n9JYiCUGsiA==][5reJYmqb280dfA03xVWzEzY8APvgTrzc2RPrbogkpq1uulS1Edt6NDvqDUMJ/j10fSMDrr2xfWTgHdcNOwqxdQ==][RPmZm/EtUtPB8JiYipFsMSq0c6hVIORDQa8ntfqcFUtaJunIC11XfE9Sczl+CqlMd8f/J3fhTmJPTx2HdChowQ==][KyMWOHyM7YEHbOHGNmkAi+XBIeE1pHups/sI6X/UcHqu0NymfnJVfEFzaCvJ3qz2tUi4wreDkOJqNXtpiOQWrw==][WwbF2rnlSP5uJiH8WjC3OlCuRluzm4sHXJq6EAf+XqwzZzb0KSA/yxdAdVuiKHyksagm6/Q1jNluoGEmsPnV4w==][qQz55qPLQCFxTH4xuQhd5mFarAupQ7yqKXbddQXsObNPAebWo+WO9yRaBy6lTbcy8WDX6/BlBZPIhXRZAbAK6Q==][kGv3o+gYbDzFQjf0Wl+tz7qQyyS01k0ELoGpFk5Ml2EQQeigLTl69riP3O5BnfDtia82N3bqesAZPpcxkBC4Ug==][eXXmMviyWvjA8xJqnvTSTBDXtI3g//cYMilrg/Ij0E0maKaMP93wPpe7VkGD2hoOqvA2TBU/FzqvE1b2w1K/dQ==]}
{"logTime": "0329/120040", "correlationVector":"r7PcicD+eFQD5bUM9Wzan2.2","action":"EncryptionKeysManager::SetEncryptionKeysWithTimestamps:", "result":"Success", "context":Key timestamps[9]:[2020-10-10T14:41:25Z][2021-04-09T01:28:20Z][2021-11-14T23:14:38Z][2022-05-15T00:37:09Z][2022-12-18T09:48:51Z][2023-03-20T11:20:38Z][2023-04-11T00:24:13Z][2024-04-07T02:44:24Z][2024-10-04T11:12:08Z]}
{"logTime": "0329/120040", "correlationVector":"ksCWS6h7WcyvCTdrUwSbj+","action":"Initial GetUpdates", "result":"", "context":Reason: NEW_CLIENT. cV=ksCWS6h7WcyvCTdrUwSbj+}
{"logTime": "0329/120040", "correlationVector":"ksCWS6h7WcyvCTdrUwSbj+.3","action":"GetUpdates Response", "result":"Success", "context":Received 1 update(s). cV=ksCWS6h7WcyvCTdrUwSbj+.0;server=akswtt006000011;cloudType=Consumer;environment=Prod_japaneast_prod-s01-061-apac-japaneast;migrationStage=NotStarted}
{"logTime": "0329/120040", "correlationVector":"XLuXrzBl+oqDQyJSLE+rUQ","action":"Initial GetUpdates", "result":"", "context":Reason: NEWLY_SUPPORTED_DATATYPE. cV=XLuXrzBl+oqDQyJSLE+rUQ}
{"logTime": "0329/120041", "correlationVector":"XLuXrzBl+oqDQyJSLE+rUQ.1","action":"SyncServerConnectionManagerRequest", "result":"SYNC_SERVER_OK", "context":{"environment":"Prod_japaneast_prod-s01-061-apac-japaneast", "migrationStage":"NotStarted", "server":"akswtt00600004m"}}
{"logTime": "0329/120041", "correlationVector":"XLuXrzBl+oqDQyJSLE+rUQ.2","action":"ProcessGetUpdates", "result":"Done", "context":{"dataType":"Passwords", "deleted":"3", "process_failed_to_decrypt":"0", "process_pending_decryption":"0", "process_success":"45", "total":"45"}}
{"logTime": "0329/120041", "correlationVector":"XLuXrzBl+oqDQyJSLE+rUQ.3","action":"GetUpdates Response", "result":"Success", "context":Received 45 update(s). cV=XLuXrzBl+oqDQyJSLE+rUQ.0;server=akswtt00600004m;cloudType=Consumer;environment=Prod_japaneast_prod-s01-061-apac-japaneast;migrationStage=NotStarted}
{"logTime": "0329/120041", "correlationVector":"Fvq5V0l1EdFDgUoBBsZ01P","action":"Normal GetUpdate request", "result":"", "context":cV=Fvq5V0l1EdFDgUoBBsZ01P
Nudged types: Sessions, History
Refresh requested types: Bookmarks, Preferences, Passwords, Autofill Profiles, Autofill, Extensions, Sessions, Extension settings, History Delete Directives, Device Info, User Consents, Send Tab To Self, Web Apps, History, Collection, Edge E Drop, Edge Hub App Usage, Edge Tab Group, Edge Wallet, Encryption Keys}
{"logTime": "0329/120041", "correlationVector":"Fvq5V0l1EdFDgUoBBsZ01P.1","action":"SyncServerConnectionManagerRequest", "result":"SYNC_SERVER_OK", "context":{"environment":"Prod_japaneast_prod-s01-061-apac-japaneast", "migrationStage":"NotStarted", "server":"akswtt006000004"}}
{"logTime": "0329/120041", "correlationVector":"Fvq5V0l1EdFDgUoBBsZ01P.2","action":"ProcessGetUpdates", "result":"Done", "context":{"dataType":"Preferences", "deleted":"0", "process_failed_to_decrypt":"0", "process_pending_decryption":"0", "process_success":"1", "total":"1"}}
{"logTime": "0329/120041", "correlationVector":"Fvq5V0l1EdFDgUoBBsZ01P.3","action":"ProcessGetUpdates", "result":"Done", "context":{"dataType":"Sessions", "deleted":"2", "process_failed_to_decrypt":"0", "process_pending_decryption":"0", "process_success":"4", "total":"4"}}
{"logTime": "0329/120041", "correlationVector":"Fvq5V0l1EdFDgUoBBsZ01P.4","action":"ProcessGetUpdates", "result":"Done", "context":{"dataType":"Device Info", "deleted":"0", "process_failed_to_decrypt":"0", "process_pending_decryption":"0", "process_success":"1", "total":"1"}}
{"logTime": "0329/120041", "correlationVector":"Fvq5V0l1EdFDgUoBBsZ01P.5","action":"ProcessGetUpdates", "result":"Done", "context":{"dataType":"History", "deleted":"0", "process_failed_to_decrypt":"0", "process_pending_decryption":"0", "process_success":"7", "total":"7"}}
{"logTime": "0329/120041", "correlationVector":"Fvq5V0l1EdFDgUoBBsZ01P.6","action":"GetUpdates Response", "result":"Success", "context":Received 13 update(s). cV=Fvq5V0l1EdFDgUoBBsZ01P.0;server=akswtt006000004;cloudType=Consumer;environment=Prod_japaneast_prod-s01-061-apac-japaneast;migrationStage=NotStarted}
{"logTime": "0329/120044", "correlationVector":"MD+yDXTJcZf/MOkB2uDCq9","action":"Commit Request", "result":"", "context":Item count: 1
Contributing types: Preferences}
{"logTime": "0329/120044", "correlationVector":"MD+yDXTJcZf/MOkB2uDCq9.1","action":"SyncServerConnectionManagerRequest", "result":"SYNC_SERVER_OK", "context":{"environment":"Prod_japaneast_prod-s01-061-apac-japaneast", "migrationStage":"NotStarted", "server":"akswtt006000006"}}
{"logTime": "0329/120044", "correlationVector":"MD+yDXTJcZf/MOkB2uDCq9.2","action":"Commit Response", "result":"Success", "context":Result: Success. cV=MD+yDXTJcZf/MOkB2uDCq9.0;server=akswtt006000006;cloudType=Consumer;environment=Prod_japaneast_prod-s01-061-apac-japaneast;migrationStage=NotStarted}
{"logTime": "0329/121331", "correlationVector":"7Y28mD62fiAlCYZoUhkLZi.1","action":"SyncServerConnectionManagerRequest", "result":"SYNC_SERVER_OK", "context":{"environment":"Prod_japaneast_prod-s01-061-apac-japaneast", "migrationStage":"NotStarted", "server":"akswtt00600004e"}}
{"logTime": "0329/121331", "correlationVector":"7Y28mD62fiAlCYZoUhkLZi.2","action":"ProcessGetUpdates", "result":"Done", "context":{"dataType":"Encryption Keys", "deleted":"0", "process_failed_to_decrypt":"0", "process_pending_decryption":"0", "process_success":"1", "total":"1"}}
{"logTime": "0329/121332", "correlationVector":"gbvncPpjctHKScfCSzFbyk","action":"SyncServerConnectionManagerRequest", "result":"SYNC_SERVER_OK", "context":{"environment":"", "migrationStage":"", "server":""}}
{"logTime": "0329/121332", "correlationVector":"gbvncPpjctHKScfCSzFbyk.0","action":"EncryptionKeysFetcher.DownloadKeys:", "result":"Success", "context":Key count: 9, Last key timestamp: 2024-10-04T11:12:08Z}
{"logTime": "0329/121332", "correlationVector":"gbvncPpjctHKScfCSzFbyk.1","action":"EncryptionKeysManager::SetEncryptionKeys:", "result":"Success", "context":Key names[9]:[gzREIIqKcpdsBfmXYmGdttzMWnSSOJPLccgLVlWHJxQdiT+iumY3IRnhpi6R9XKuzi5l+lGxE10m683UcMWaPg==][47rvE7JHHjJKjuVtU7RjdfYC1eNM5qjzDRxhxD1oHBoQXwyAODrnux+ZoqfuwROlTqM7hqNrgI/n9JYiCUGsiA==][5reJYmqb280dfA03xVWzEzY8APvgTrzc2RPrbogkpq1uulS1Edt6NDvqDUMJ/j10fSMDrr2xfWTgHdcNOwqxdQ==][RPmZm/EtUtPB8JiYipFsMSq0c6hVIORDQa8ntfqcFUtaJunIC11XfE9Sczl+CqlMd8f/J3fhTmJPTx2HdChowQ==][KyMWOHyM7YEHbOHGNmkAi+XBIeE1pHups/sI6X/UcHqu0NymfnJVfEFzaCvJ3qz2tUi4wreDkOJqNXtpiOQWrw==][WwbF2rnlSP5uJiH8WjC3OlCuRluzm4sHXJq6EAf+XqwzZzb0KSA/yxdAdVuiKHyksagm6/Q1jNluoGEmsPnV4w==][qQz55qPLQCFxTH4xuQhd5mFarAupQ7yqKXbddQXsObNPAebWo+WO9yRaBy6lTbcy8WDX6/BlBZPIhXRZAbAK6Q==][kGv3o+gYbDzFQjf0Wl+tz7qQyyS01k0ELoGpFk5Ml2EQQeigLTl69riP3O5BnfDtia82N3bqesAZPpcxkBC4Ug==][eXXmMviyWvjA8xJqnvTSTBDXtI3g//cYMilrg/Ij0E0maKaMP93wPpe7VkGD2hoOqvA2TBU/FzqvE1b2w1K/dQ==]}
{"logTime": "0329/121332", "correlationVector":"gbvncPpjctHKScfCSzFbyk.2","action":"EncryptionKeysManager::SetEncryptionKeysWithTimestamps:", "result":"Success", "context":Key timestamps[9]:[2020-10-10T14:41:25Z][2021-04-09T01:28:20Z][2021-11-14T23:14:38Z][2022-05-15T00:37:09Z][2022-12-18T09:48:51Z][2023-03-20T11:20:38Z][2023-04-11T00:24:13Z][2024-04-07T02:44:24Z][2024-10-04T11:12:08Z]}
{"logTime": "0329/121332", "correlationVector":"7Y28mD62fiAlCYZoUhkLZi","action":"Initial GetUpdates", "result":"", "context":Reason: NEW_CLIENT. cV=7Y28mD62fiAlCYZoUhkLZi}
{"logTime": "0329/121332", "correlationVector":"7Y28mD62fiAlCYZoUhkLZi.3","action":"GetUpdates Response", "result":"Success", "context":Received 1 update(s). cV=7Y28mD62fiAlCYZoUhkLZi.0;server=akswtt00600004e;cloudType=Consumer;environment=Prod_japaneast_prod-s01-061-apac-japaneast;migrationStage=NotStarted}
{"logTime": "0329/121332", "correlationVector":"eqbMoGzh6zCy+f+ogQ0f8S","action":"Initial GetUpdates", "result":"", "context":Reason: NEWLY_SUPPORTED_DATATYPE. cV=eqbMoGzh6zCy+f+ogQ0f8S}
{"logTime": "0329/121332", "correlationVector":"eqbMoGzh6zCy+f+ogQ0f8S.1","action":"SyncServerConnectionManagerRequest", "result":"SYNC_SERVER_OK", "context":{"environment":"Prod_japaneast_prod-s01-061-apac-japaneast", "migrationStage":"NotStarted", "server":"akswtt006000012"}}
{"logTime": "0329/121332", "correlationVector":"eqbMoGzh6zCy+f+ogQ0f8S.2","action":"ProcessGetUpdates", "result":"Done", "context":{"dataType":"Passwords", "deleted":"3", "process_failed_to_decrypt":"0", "process_pending_decryption":"0", "process_success":"45", "total":"45"}}
{"logTime": "0329/121332", "correlationVector":"eqbMoGzh6zCy+f+ogQ0f8S.3","action":"GetUpdates Response", "result":"Success", "context":Received 45 update(s). cV=eqbMoGzh6zCy+f+ogQ0f8S.0;server=akswtt006000012;cloudType=Consumer;environment=Prod_japaneast_prod-s01-061-apac-japaneast;migrationStage=NotStarted}
{"logTime": "0329/121332", "correlationVector":"k78G0pWLSyI8WvjMAMIxBw","action":"Normal GetUpdate request", "result":"", "context":cV=k78G0pWLSyI8WvjMAMIxBw
Nudged types: Sessions, Device Info, History
Refresh requested types: Bookmarks, Preferences, Passwords, Autofill Profiles, Autofill, Extensions, Sessions, Extension settings, History Delete Directives, Device Info, User Consents, Send Tab To Self, Web Apps, History, Collection, Edge E Drop, Edge Hub App Usage, Edge Tab Group, Edge Wallet, Encryption Keys}
{"logTime": "0329/121332", "correlationVector":"k78G0pWLSyI8WvjMAMIxBw.1","action":"SyncServerConnectionManagerRequest", "result":"SYNC_SERVER_OK", "context":{"environment":"Prod_japaneast_prod-s01-061-apac-japaneast", "migrationStage":"NotStarted", "server":"akswtt00600001o"}}
{"logTime": "0329/121332", "correlationVector":"k78G0pWLSyI8WvjMAMIxBw.2","action":"ProcessGetUpdates", "result":"Done", "context":{"dataType":"Preferences", "deleted":"0", "process_failed_to_decrypt":"0", "process_pending_decryption":"0", "process_success":"1", "total":"1"}}
{"logTime": "0329/121332", "correlationVector":"k78G0pWLSyI8WvjMAMIxBw.3","action":"ProcessGetUpdates", "result":"Done", "context":{"dataType":"Sessions", "deleted":"0", "process_failed_to_decrypt":"0", "process_pending_decryption":"0", "process_success":"1", "total":"1"}}
{"logTime": "0329/121332", "correlationVector":"k78G0pWLSyI8WvjMAMIxBw.4","action":"ProcessGetUpdates", "result":"Done", "context":{"dataType":"History", "deleted":"0", "process_failed_to_decrypt":"0", "process_pending_decryption":"0", "process_success":"5", "total":"5"}}
{"logTime": "0329/121332", "correlationVector":"k78G0pWLSyI8WvjMAMIxBw.5","action":"GetUpdates Response", "result":"Success", "context":Received 7 update(s). cV=k78G0pWLSyI8WvjMAMIxBw.0;server=akswtt00600001o;cloudType=Consumer;environment=Prod_japaneast_prod-s01-061-apac-japaneast;migrationStage=NotStarted}
{"logTime": "0329/121332", "correlationVector":"MmarkzvzrWOcyiEPWaN8Lk","action":"Commit Request", "result":"", "context":Item count: 4
Contributing types: Sessions, Device Info, History}
{"logTime": "0329/121333", "correlationVector":"MmarkzvzrWOcyiEPWaN8Lk.1","action":"SyncServerConnectionManagerRequest", "result":"SYNC_SERVER_OK", "context":{"environment":"Prod_japaneast_prod-s01-061-apac-japaneast", "migrationStage":"NotStarted", "server":"akswtt006000028"}}
{"logTime": "0329/121333", "correlationVector":"MmarkzvzrWOcyiEPWaN8Lk.2","action":"Commit Response", "result":"Success", "context":Result: Success. cV=MmarkzvzrWOcyiEPWaN8Lk.0;server=akswtt006000028;cloudType=Consumer;environment=Prod_japaneast_prod-s01-061-apac-japaneast;migrationStage=NotStarted}
{"logTime": "0329/121336", "correlationVector":"+yvgB2qviRz8DXhhIscX9y","action":"Commit Request", "result":"", "context":Item count: 1
Contributing types: Preferences}
{"logTime": "0329/121337", "correlationVector":"+yvgB2qviRz8DXhhIscX9y.1","action":"SyncServerConnectionManagerRequest", "result":"SYNC_SERVER_OK", "context":{"environment":"Prod_japaneast_prod-s01-061-apac-japaneast", "migrationStage":"NotStarted", "server":"akswtt00600001a"}}
{"logTime": "0329/121337", "correlationVector":"+yvgB2qviRz8DXhhIscX9y.2","action":"Commit Response", "result":"Success", "context":Result: Success. cV=+yvgB2qviRz8DXhhIscX9y.0;server=akswtt00600001a;cloudType=Consumer;environment=Prod_japaneast_prod-s01-061-apac-japaneast;migrationStage=NotStarted}
{"logTime": "0329/121431", "correlationVector":"aGrXThuzFG9eGAN5MvbqOB","action":"Commit Request", "result":"", "context":Item count: 2
Contributing types: Sessions, History}
{"logTime": "0329/121432", "correlationVector":"aGrXThuzFG9eGAN5MvbqOB.1","action":"SyncServerConnectionManagerRequest", "result":"SYNC_SERVER_OK", "context":{"environment":"Prod_japaneast_prod-s01-061-apac-japaneast", "migrationStage":"NotStarted", "server":"akswtt00600000i"}}
{"logTime": "0329/121432", "correlationVector":"aGrXThuzFG9eGAN5MvbqOB.2","action":"Commit Response", "result":"Success", "context":Result: Success. cV=aGrXThuzFG9eGAN5MvbqOB.0;server=akswtt00600000i;cloudType=Consumer;environment=Prod_japaneast_prod-s01-061-apac-japaneast;migrationStage=NotStarted}
{"logTime": "0329/125657", "correlationVector":"OG5JbQUWf9PVFY5mvlwEIN.1","action":"SyncServerConnectionManagerRequest", "result":"SYNC_SERVER_OK", "context":{"environment":"Prod_japaneast_prod-s01-061-apac-japaneast", "migrationStage":"NotStarted", "server":"akswtt006000034"}}
{"logTime": "0329/125657", "correlationVector":"OG5JbQUWf9PVFY5mvlwEIN.2","action":"ProcessGetUpdates", "result":"Done", "context":{"dataType":"Encryption Keys", "deleted":"0", "process_failed_to_decrypt":"0", "process_pending_decryption":"0", "process_success":"1", "total":"1"}}
{"logTime": "0329/125657", "correlationVector":"hzf5P+ZrpMtSrNvHUuetKn","action":"SyncServerConnectionManagerRequest", "result":"SYNC_SERVER_OK", "context":{"environment":"", "migrationStage":"", "server":""}}
{"logTime": "0329/125657", "correlationVector":"hzf5P+ZrpMtSrNvHUuetKn.0","action":"EncryptionKeysFetcher.DownloadKeys:", "result":"Success", "context":Key count: 9, Last key timestamp: 2024-10-04T11:12:08Z}
{"logTime": "0329/125658", "correlationVector":"hzf5P+ZrpMtSrNvHUuetKn.1","action":"EncryptionKeysManager::SetEncryptionKeys:", "result":"Success", "context":Key names[9]:[gzREIIqKcpdsBfmXYmGdttzMWnSSOJPLccgLVlWHJxQdiT+iumY3IRnhpi6R9XKuzi5l+lGxE10m683UcMWaPg==][47rvE7JHHjJKjuVtU7RjdfYC1eNM5qjzDRxhxD1oHBoQXwyAODrnux+ZoqfuwROlTqM7hqNrgI/n9JYiCUGsiA==][5reJYmqb280dfA03xVWzEzY8APvgTrzc2RPrbogkpq1uulS1Edt6NDvqDUMJ/j10fSMDrr2xfWTgHdcNOwqxdQ==][RPmZm/EtUtPB8JiYipFsMSq0c6hVIORDQa8ntfqcFUtaJunIC11XfE9Sczl+CqlMd8f/J3fhTmJPTx2HdChowQ==][KyMWOHyM7YEHbOHGNmkAi+XBIeE1pHups/sI6X/UcHqu0NymfnJVfEFzaCvJ3qz2tUi4wreDkOJqNXtpiOQWrw==][WwbF2rnlSP5uJiH8WjC3OlCuRluzm4sHXJq6EAf+XqwzZzb0KSA/yxdAdVuiKHyksagm6/Q1jNluoGEmsPnV4w==][qQz55qPLQCFxTH4xuQhd5mFarAupQ7yqKXbddQXsObNPAebWo+WO9yRaBy6lTbcy8WDX6/BlBZPIhXRZAbAK6Q==][kGv3o+gYbDzFQjf0Wl+tz7qQyyS01k0ELoGpFk5Ml2EQQeigLTl69riP3O5BnfDtia82N3bqesAZPpcxkBC4Ug==][eXXmMviyWvjA8xJqnvTSTBDXtI3g//cYMilrg/Ij0E0maKaMP93wPpe7VkGD2hoOqvA2TBU/FzqvE1b2w1K/dQ==]}
{"logTime": "0329/125658", "correlationVector":"hzf5P+ZrpMtSrNvHUuetKn.2","action":"EncryptionKeysManager::SetEncryptionKeysWithTimestamps:", "result":"Success", "context":Key timestamps[9]:[2020-10-10T14:41:25Z][2021-04-09T01:28:20Z][2021-11-14T23:14:38Z][2022-05-15T00:37:09Z][2022-12-18T09:48:51Z][2023-03-20T11:20:38Z][2023-04-11T00:24:13Z][2024-04-07T02:44:24Z][2024-10-04T11:12:08Z]}
{"logTime": "0329/125658", "correlationVector":"OG5JbQUWf9PVFY5mvlwEIN","action":"Initial GetUpdates", "result":"", "context":Reason: NEW_CLIENT. cV=OG5JbQUWf9PVFY5mvlwEIN}
{"logTime": "0329/125658", "correlationVector":"OG5JbQUWf9PVFY5mvlwEIN.3","action":"GetUpdates Response", "result":"Success", "context":Received 1 update(s). cV=OG5JbQUWf9PVFY5mvlwEIN.0;server=akswtt006000034;cloudType=Consumer;environment=Prod_japaneast_prod-s01-061-apac-japaneast;migrationStage=NotStarted}
{"logTime": "0329/125658", "correlationVector":"6d1t22GqzJ9AsBo7hrecoS","action":"Initial GetUpdates", "result":"", "context":Reason: NEWLY_SUPPORTED_DATATYPE. cV=6d1t22GqzJ9AsBo7hrecoS}
{"logTime": "0329/125658", "correlationVector":"6d1t22GqzJ9AsBo7hrecoS.1","action":"SyncServerConnectionManagerRequest", "result":"SYNC_SERVER_OK", "context":{"environment":"Prod_japaneast_prod-s01-061-apac-japaneast", "migrationStage":"NotStarted", "server":"akswtt006000034"}}
{"logTime": "0329/125658", "correlationVector":"6d1t22GqzJ9AsBo7hrecoS.2","action":"ProcessGetUpdates", "result":"Done", "context":{"dataType":"Passwords", "deleted":"3", "process_failed_to_decrypt":"0", "process_pending_decryption":"0", "process_success":"45", "total":"45"}}
{"logTime": "0329/125658", "correlationVector":"6d1t22GqzJ9AsBo7hrecoS.3","action":"GetUpdates Response", "result":"Success", "context":Received 45 update(s). cV=6d1t22GqzJ9AsBo7hrecoS.0;server=akswtt006000034;cloudType=Consumer;environment=Prod_japaneast_prod-s01-061-apac-japaneast;migrationStage=NotStarted}
{"logTime": "0329/125658", "correlationVector":"giZuWBGUVDseuOQl8WwmcA","action":"Normal GetUpdate request", "result":"", "context":cV=giZuWBGUVDseuOQl8WwmcA
Nudged types: Sessions, Device Info, History
Refresh requested types: Bookmarks, Preferences, Passwords, Autofill Profiles, Autofill, Extensions, Sessions, Extension settings, History Delete Directives, Device Info, User Consents, Send Tab To Self, Web Apps, History, Collection, Edge E Drop, Edge Hub App Usage, Edge Tab Group, Edge Wallet, Encryption Keys}
{"logTime": "0329/125658", "correlationVector":"giZuWBGUVDseuOQl8WwmcA.1","action":"SyncServerConnectionManagerRequest", "result":"SYNC_SERVER_OK", "context":{"environment":"Prod_japaneast_prod-s01-061-apac-japaneast", "migrationStage":"NotStarted", "server":"akswtt00600001p"}}
{"logTime": "0329/125658", "correlationVector":"giZuWBGUVDseuOQl8WwmcA.2","action":"ProcessGetUpdates", "result":"Done", "context":{"dataType":"Preferences", "deleted":"0", "process_failed_to_decrypt":"0", "process_pending_decryption":"0", "process_success":"1", "total":"1"}}
{"logTime": "0329/125658", "correlationVector":"giZuWBGUVDseuOQl8WwmcA.3","action":"ProcessGetUpdates", "result":"Done", "context":{"dataType":"Sessions", "deleted":"0", "process_failed_to_decrypt":"0", "process_pending_decryption":"0", "process_success":"3", "total":"3"}}
{"logTime": "0329/125658", "correlationVector":"giZuWBGUVDseuOQl8WwmcA.4","action":"ProcessGetUpdates", "result":"Done", "context":{"dataType":"Device Info", "deleted":"0", "process_failed_to_decrypt":"0", "process_pending_decryption":"0", "process_success":"1", "total":"1"}}
{"logTime": "0329/125658", "correlationVector":"giZuWBGUVDseuOQl8WwmcA.5","action":"ProcessGetUpdates", "result":"Done", "context":{"dataType":"History", "deleted":"0", "process_failed_to_decrypt":"0", "process_pending_decryption":"0", "process_success":"8", "total":"8"}}
{"logTime": "0329/125658", "correlationVector":"giZuWBGUVDseuOQl8WwmcA.6","action":"GetUpdates Response", "result":"Success", "context":Received 13 update(s). cV=giZuWBGUVDseuOQl8WwmcA.0;server=akswtt00600001p;cloudType=Consumer;environment=Prod_japaneast_prod-s01-061-apac-japaneast;migrationStage=NotStarted}
{"logTime": "0329/125658", "correlationVector":"ahVkZTTTL0xbuEd8r818kb","action":"Commit Request", "result":"", "context":Item count: 5
Contributing types: Sessions, Device Info, History}
{"logTime": "0329/125659", "correlationVector":"ahVkZTTTL0xbuEd8r818kb.1","action":"SyncServerConnectionManagerRequest", "result":"SYNC_SERVER_OK", "context":{"environment":"Prod_japaneast_prod-s01-061-apac-japaneast", "migrationStage":"NotStarted", "server":"akswtt00600000b"}}
{"logTime": "0329/125659", "correlationVector":"ahVkZTTTL0xbuEd8r818kb.2","action":"Commit Response", "result":"Success", "context":Result: Success. cV=ahVkZTTTL0xbuEd8r818kb.0;server=akswtt00600000b;cloudType=Consumer;environment=Prod_japaneast_prod-s01-061-apac-japaneast;migrationStage=NotStarted}
{"logTime": "0329/125702", "correlationVector":"JI61uLJYlRfC2Y40WVBcZO","action":"Commit Request", "result":"", "context":Item count: 1
Contributing types: Preferences}
{"logTime": "0329/125702", "correlationVector":"JI61uLJYlRfC2Y40WVBcZO.1","action":"SyncServerConnectionManagerRequest", "result":"SYNC_SERVER_OK", "context":{"environment":"Prod_japaneast_prod-s01-061-apac-japaneast", "migrationStage":"NotStarted", "server":"akswtt00600002q"}}
{"logTime": "0329/125702", "correlationVector":"JI61uLJYlRfC2Y40WVBcZO.2","action":"Commit Response", "result":"Success", "context":Result: Success. cV=JI61uLJYlRfC2Y40WVBcZO.0;server=akswtt00600002q;cloudType=Consumer;environment=Prod_japaneast_prod-s01-061-apac-japaneast;migrationStage=NotStarted}
{"logTime": "0329/125756", "correlationVector":"DlecFnESBPiro2ZNYNkbCJ","action":"Commit Request", "result":"", "context":Item count: 3
Contributing types: Sessions, History}
{"logTime": "0329/125757", "correlationVector":"DlecFnESBPiro2ZNYNkbCJ.1","action":"SyncServerConnectionManagerRequest", "result":"SYNC_SERVER_OK", "context":{"environment":"Prod_japaneast_prod-s01-061-apac-japaneast", "migrationStage":"NotStarted", "server":"akswtt006000028"}}
{"logTime": "0329/125757", "correlationVector":"DlecFnESBPiro2ZNYNkbCJ.2","action":"Commit Response", "result":"Success", "context":Result: Success. cV=DlecFnESBPiro2ZNYNkbCJ.0;server=akswtt006000028;cloudType=Consumer;environment=Prod_japaneast_prod-s01-061-apac-japaneast;migrationStage=NotStarted}
{"logTime": "0329/125757", "correlationVector":"DlecFnESBPiro2ZNYNkbCJ.3","action":"Commit.Sessions", "result":"Success", "context":{"id":"a7603157-4d97-46e4-bff6-bf5175afe74f", "isDeleted":"true", "size":"0", "version":"1743253018951"}}
{"logTime": "0329/125902", "correlationVector":"l7HgQ/yzJsXWQRXCTbrcWI","action":"Commit Request", "result":"", "context":Item count: 3
Contributing types: Sessions, History}
{"logTime": "0329/125902", "correlationVector":"l7HgQ/yzJsXWQRXCTbrcWI.1","action":"SyncServerConnectionManagerRequest", "result":"SYNC_SERVER_OK", "context":{"environment":"Prod_japaneast_prod-s01-061-apac-japaneast", "migrationStage":"NotStarted", "server":"akswtt00600000s"}}
{"logTime": "0329/125902", "correlationVector":"l7HgQ/yzJsXWQRXCTbrcWI.2","action":"Commit Response", "result":"Success", "context":Result: Success. cV=l7HgQ/yzJsXWQRXCTbrcWI.0;server=akswtt00600000s;cloudType=Consumer;environment=Prod_japaneast_prod-s01-061-apac-japaneast;migrationStage=NotStarted}
{"logTime": "0329/130229", "correlationVector":"kPbmWjCLEZP11gmIBEB81j.1","action":"SyncServerConnectionManagerRequest", "result":"SYNC_SERVER_OK", "context":{"environment":"Prod_japaneast_prod-s01-061-apac-japaneast", "migrationStage":"NotStarted", "server":"akswtt006000015"}}
{"logTime": "0329/130229", "correlationVector":"kPbmWjCLEZP11gmIBEB81j.2","action":"ProcessGetUpdates", "result":"Done", "context":{"dataType":"Encryption Keys", "deleted":"0", "process_failed_to_decrypt":"0", "process_pending_decryption":"0", "process_success":"1", "total":"1"}}
{"logTime": "0329/130229", "correlationVector":"/CU1cBGKaIiWxbqq1Nk2KX","action":"SyncServerConnectionManagerRequest", "result":"SYNC_SERVER_OK", "context":{"environment":"", "migrationStage":"", "server":""}}
{"logTime": "0329/130229", "correlationVector":"/CU1cBGKaIiWxbqq1Nk2KX.0","action":"EncryptionKeysFetcher.DownloadKeys:", "result":"Success", "context":Key count: 9, Last key timestamp: 2024-10-04T11:12:08Z}
{"logTime": "0329/130229", "correlationVector":"/CU1cBGKaIiWxbqq1Nk2KX.1","action":"EncryptionKeysManager::SetEncryptionKeys:", "result":"Success", "context":Key names[9]:[gzREIIqKcpdsBfmXYmGdttzMWnSSOJPLccgLVlWHJxQdiT+iumY3IRnhpi6R9XKuzi5l+lGxE10m683UcMWaPg==][47rvE7JHHjJKjuVtU7RjdfYC1eNM5qjzDRxhxD1oHBoQXwyAODrnux+ZoqfuwROlTqM7hqNrgI/n9JYiCUGsiA==][5reJYmqb280dfA03xVWzEzY8APvgTrzc2RPrbogkpq1uulS1Edt6NDvqDUMJ/j10fSMDrr2xfWTgHdcNOwqxdQ==][RPmZm/EtUtPB8JiYipFsMSq0c6hVIORDQa8ntfqcFUtaJunIC11XfE9Sczl+CqlMd8f/J3fhTmJPTx2HdChowQ==][KyMWOHyM7YEHbOHGNmkAi+XBIeE1pHups/sI6X/UcHqu0NymfnJVfEFzaCvJ3qz2tUi4wreDkOJqNXtpiOQWrw==][WwbF2rnlSP5uJiH8WjC3OlCuRluzm4sHXJq6EAf+XqwzZzb0KSA/yxdAdVuiKHyksagm6/Q1jNluoGEmsPnV4w==][qQz55qPLQCFxTH4xuQhd5mFarAupQ7yqKXbddQXsObNPAebWo+WO9yRaBy6lTbcy8WDX6/BlBZPIhXRZAbAK6Q==][kGv3o+gYbDzFQjf0Wl+tz7qQyyS01k0ELoGpFk5Ml2EQQeigLTl69riP3O5BnfDtia82N3bqesAZPpcxkBC4Ug==][eXXmMviyWvjA8xJqnvTSTBDXtI3g//cYMilrg/Ij0E0maKaMP93wPpe7VkGD2hoOqvA2TBU/FzqvE1b2w1K/dQ==]}
{"logTime": "0329/130229", "correlationVector":"/CU1cBGKaIiWxbqq1Nk2KX.2","action":"EncryptionKeysManager::SetEncryptionKeysWithTimestamps:", "result":"Success", "context":Key timestamps[9]:[2020-10-10T14:41:25Z][2021-04-09T01:28:20Z][2021-11-14T23:14:38Z][2022-05-15T00:37:09Z][2022-12-18T09:48:51Z][2023-03-20T11:20:38Z][2023-04-11T00:24:13Z][2024-04-07T02:44:24Z][2024-10-04T11:12:08Z]}
{"logTime": "0329/130229", "correlationVector":"kPbmWjCLEZP11gmIBEB81j","action":"Initial GetUpdates", "result":"", "context":Reason: NEW_CLIENT. cV=kPbmWjCLEZP11gmIBEB81j}
{"logTime": "0329/130229", "correlationVector":"kPbmWjCLEZP11gmIBEB81j.3","action":"GetUpdates Response", "result":"Success", "context":Received 1 update(s). cV=kPbmWjCLEZP11gmIBEB81j.0;server=akswtt006000015;cloudType=Consumer;environment=Prod_japaneast_prod-s01-061-apac-japaneast;migrationStage=NotStarted}
{"logTime": "0329/130229", "correlationVector":"kpux9TGVJRhyn0PXAoJbf7","action":"Initial GetUpdates", "result":"", "context":Reason: NEWLY_SUPPORTED_DATATYPE. cV=kpux9TGVJRhyn0PXAoJbf7}
{"logTime": "0329/130230", "correlationVector":"kpux9TGVJRhyn0PXAoJbf7.1","action":"SyncServerConnectionManagerRequest", "result":"SYNC_SERVER_OK", "context":{"environment":"Prod_japaneast_prod-s01-061-apac-japaneast", "migrationStage":"NotStarted", "server":"akswtt00600002x"}}
{"logTime": "0329/130230", "correlationVector":"kpux9TGVJRhyn0PXAoJbf7.2","action":"ProcessGetUpdates", "result":"Done", "context":{"dataType":"Passwords", "deleted":"3", "process_failed_to_decrypt":"0", "process_pending_decryption":"0", "process_success":"45", "total":"45"}}
{"logTime": "0329/130230", "correlationVector":"kpux9TGVJRhyn0PXAoJbf7.3","action":"GetUpdates Response", "result":"Success", "context":Received 45 update(s). cV=kpux9TGVJRhyn0PXAoJbf7.0;server=akswtt00600002x;cloudType=Consumer;environment=Prod_japaneast_prod-s01-061-apac-japaneast;migrationStage=NotStarted}
{"logTime": "0329/130230", "correlationVector":"ouE1H1Y4K+03olKaSE+Qrs","action":"Normal GetUpdate request", "result":"", "context":cV=ouE1H1Y4K+03olKaSE+Qrs
Nudged types: Sessions, History
Refresh requested types: Bookmarks, Preferences, Passwords, Autofill Profiles, Autofill, Extensions, Sessions, Extension settings, History Delete Directives, Device Info, User Consents, Send Tab To Self, Web Apps, History, Collection, Edge E Drop, Edge Hub App Usage, Edge Tab Group, Edge Wallet, Encryption Keys}
{"logTime": "0329/130230", "correlationVector":"ouE1H1Y4K+03olKaSE+Qrs.1","action":"SyncServerConnectionManagerRequest", "result":"SYNC_SERVER_OK", "context":{"environment":"Prod_japaneast_prod-s01-061-apac-japaneast", "migrationStage":"NotStarted", "server":"akswtt00600000p"}}
{"logTime": "0329/130230", "correlationVector":"ouE1H1Y4K+03olKaSE+Qrs.2","action":"ProcessGetUpdates", "result":"Done", "context":{"dataType":"Preferences", "deleted":"0", "process_failed_to_decrypt":"0", "process_pending_decryption":"0", "process_success":"1", "total":"1"}}
{"logTime": "0329/130230", "correlationVector":"ouE1H1Y4K+03olKaSE+Qrs.3","action":"ProcessGetUpdates", "result":"Done", "context":{"dataType":"Sessions", "deleted":"2", "process_failed_to_decrypt":"0", "process_pending_decryption":"0", "process_success":"4", "total":"4"}}
{"logTime": "0329/130230", "correlationVector":"ouE1H1Y4K+03olKaSE+Qrs.4","action":"ProcessGetUpdates", "result":"Done", "context":{"dataType":"Device Info", "deleted":"0", "process_failed_to_decrypt":"0", "process_pending_decryption":"0", "process_success":"1", "total":"1"}}
{"logTime": "0329/130230", "correlationVector":"ouE1H1Y4K+03olKaSE+Qrs.5","action":"ProcessGetUpdates", "result":"Done", "context":{"dataType":"History", "deleted":"0", "process_failed_to_decrypt":"0", "process_pending_decryption":"0", "process_success":"5", "total":"5"}}
{"logTime": "0329/130230", "correlationVector":"ouE1H1Y4K+03olKaSE+Qrs.6","action":"GetUpdates Response", "result":"Success", "context":Received 11 update(s). cV=ouE1H1Y4K+03olKaSE+Qrs.0;server=akswtt00600000p;cloudType=Consumer;environment=Prod_japaneast_prod-s01-061-apac-japaneast;migrationStage=NotStarted}
{"logTime": "0329/130230", "correlationVector":"Fo/4sZOVj04dHviN9nU0ll","action":"Commit Request", "result":"", "context":Item count: 2
Contributing types: Sessions, History}
{"logTime": "0329/130230", "correlationVector":"Fo/4sZOVj04dHviN9nU0ll.1","action":"SyncServerConnectionManagerRequest", "result":"SYNC_SERVER_OK", "context":{"environment":"Prod_japaneast_prod-s01-061-apac-japaneast", "migrationStage":"NotStarted", "server":"akswtt00600003l"}}
{"logTime": "0329/130230", "correlationVector":"Fo/4sZOVj04dHviN9nU0ll.2","action":"Commit Response", "result":"Success", "context":Result: Success. cV=Fo/4sZOVj04dHviN9nU0ll.0;server=akswtt00600003l;cloudType=Consumer;environment=Prod_japaneast_prod-s01-061-apac-japaneast;migrationStage=NotStarted}
{"logTime": "0329/130234", "correlationVector":"NzlSFcPHZVIYDF86gFdz3O","action":"Commit Request", "result":"", "context":Item count: 1
Contributing types: Preferences}
{"logTime": "0329/130234", "correlationVector":"NzlSFcPHZVIYDF86gFdz3O.1","action":"SyncServerConnectionManagerRequest", "result":"SYNC_SERVER_OK", "context":{"environment":"Prod_japaneast_prod-s01-061-apac-japaneast", "migrationStage":"NotStarted", "server":"akswtt00600003e"}}
{"logTime": "0329/130234", "correlationVector":"NzlSFcPHZVIYDF86gFdz3O.2","action":"Commit Response", "result":"Success", "context":Result: Success. cV=NzlSFcPHZVIYDF86gFdz3O.0;server=akswtt00600003e;cloudType=Consumer;environment=Prod_japaneast_prod-s01-061-apac-japaneast;migrationStage=NotStarted}
{"logTime": "0329/130329", "correlationVector":"wrPwKDIVwy46bQiX13vqlR","action":"Commit Request", "result":"", "context":Item count: 3
Contributing types: Sessions, History}
{"logTime": "0329/130329", "correlationVector":"wrPwKDIVwy46bQiX13vqlR.1","action":"SyncServerConnectionManagerRequest", "result":"SYNC_SERVER_OK", "context":{"environment":"Prod_japaneast_prod-s01-061-apac-japaneast", "migrationStage":"NotStarted", "server":"akswtt00600003e"}}
{"logTime": "0329/130329", "correlationVector":"wrPwKDIVwy46bQiX13vqlR.2","action":"Commit Response", "result":"Success", "context":Result: Success. cV=wrPwKDIVwy46bQiX13vqlR.0;server=akswtt00600003e;cloudType=Consumer;environment=Prod_japaneast_prod-s01-061-apac-japaneast;migrationStage=NotStarted}
{"logTime": "0329/172010", "correlationVector":"PcSkqWRukR/D4lBiBpXurx","action":"Poll GetUpdate request", "result":"", "context":cV=PcSkqWRukR/D4lBiBpXurx}
{"logTime": "0329/172011", "correlationVector":"PcSkqWRukR/D4lBiBpXurx.1","action":"SyncServerConnectionManagerRequest", "result":"SYNC_SERVER_OK", "context":{"environment":"Prod_japaneast_prod-s01-061-apac-japaneast", "migrationStage":"NotStarted", "server":"akswtt006000048"}}
{"logTime": "0329/172011", "correlationVector":"PcSkqWRukR/D4lBiBpXurx.2","action":"ProcessGetUpdates", "result":"Done", "context":{"dataType":"Preferences", "deleted":"0", "process_failed_to_decrypt":"0", "process_pending_decryption":"0", "process_success":"1", "total":"1"}}
{"logTime": "0329/172011", "correlationVector":"PcSkqWRukR/D4lBiBpXurx.3","action":"ProcessGetUpdates", "result":"Done", "context":{"dataType":"Sessions", "deleted":"0", "process_failed_to_decrypt":"0", "process_pending_decryption":"0", "process_success":"3", "total":"3"}}
{"logTime": "0329/172011", "correlationVector":"PcSkqWRukR/D4lBiBpXurx.4","action":"ProcessGetUpdates", "result":"Done", "context":{"dataType":"History", "deleted":"0", "process_failed_to_decrypt":"0", "process_pending_decryption":"0", "process_success":"4", "total":"4"}}
{"logTime": "0329/172011", "correlationVector":"PcSkqWRukR/D4lBiBpXurx.5","action":"GetUpdates Response", "result":"Success", "context":Received 8 update(s). cV=PcSkqWRukR/D4lBiBpXurx.0;server=akswtt006000048;cloudType=Consumer;environment=Prod_japaneast_prod-s01-061-apac-japaneast;migrationStage=NotStarted}
{"logTime": "0330/060919", "correlationVector":"7kVrrQiynTLFLTKekm7Ypz.1","action":"SyncServerConnectionManagerRequest", "result":"SYNC_SERVER_OK", "context":{"environment":"Prod_japaneast_prod-s01-061-apac-japaneast", "migrationStage":"NotStarted", "server":"akswtt006000004"}}
{"logTime": "0330/060919", "correlationVector":"7kVrrQiynTLFLTKekm7Ypz.2","action":"ProcessGetUpdates", "result":"Done", "context":{"dataType":"Encryption Keys", "deleted":"0", "process_failed_to_decrypt":"0", "process_pending_decryption":"0", "process_success":"1", "total":"1"}}
{"logTime": "0330/060920", "correlationVector":"hrnvBwxFK8ZXUCIniToaUK","action":"SyncServerConnectionManagerRequest", "result":"SYNC_SERVER_OK", "context":{"environment":"", "migrationStage":"", "server":""}}
{"logTime": "0330/060920", "correlationVector":"hrnvBwxFK8ZXUCIniToaUK.0","action":"EncryptionKeysFetcher.DownloadKeys:", "result":"Success", "context":Key count: 9, Last key timestamp: 2024-10-04T11:12:08Z}
{"logTime": "0330/060920", "correlationVector":"hrnvBwxFK8ZXUCIniToaUK.1","action":"EncryptionKeysManager::SetEncryptionKeys:", "result":"Success", "context":Key names[9]:[gzREIIqKcpdsBfmXYmGdttzMWnSSOJPLccgLVlWHJxQdiT+iumY3IRnhpi6R9XKuzi5l+lGxE10m683UcMWaPg==][47rvE7JHHjJKjuVtU7RjdfYC1eNM5qjzDRxhxD1oHBoQXwyAODrnux+ZoqfuwROlTqM7hqNrgI/n9JYiCUGsiA==][5reJYmqb280dfA03xVWzEzY8APvgTrzc2RPrbogkpq1uulS1Edt6NDvqDUMJ/j10fSMDrr2xfWTgHdcNOwqxdQ==][RPmZm/EtUtPB8JiYipFsMSq0c6hVIORDQa8ntfqcFUtaJunIC11XfE9Sczl+CqlMd8f/J3fhTmJPTx2HdChowQ==][KyMWOHyM7YEHbOHGNmkAi+XBIeE1pHups/sI6X/UcHqu0NymfnJVfEFzaCvJ3qz2tUi4wreDkOJqNXtpiOQWrw==][WwbF2rnlSP5uJiH8WjC3OlCuRluzm4sHXJq6EAf+XqwzZzb0KSA/yxdAdVuiKHyksagm6/Q1jNluoGEmsPnV4w==][qQz55qPLQCFxTH4xuQhd5mFarAupQ7yqKXbddQXsObNPAebWo+WO9yRaBy6lTbcy8WDX6/BlBZPIhXRZAbAK6Q==][kGv3o+gYbDzFQjf0Wl+tz7qQyyS01k0ELoGpFk5Ml2EQQeigLTl69riP3O5BnfDtia82N3bqesAZPpcxkBC4Ug==][eXXmMviyWvjA8xJqnvTSTBDXtI3g//cYMilrg/Ij0E0maKaMP93wPpe7VkGD2hoOqvA2TBU/FzqvE1b2w1K/dQ==]}
{"logTime": "0330/060920", "correlationVector":"hrnvBwxFK8ZXUCIniToaUK.2","action":"EncryptionKeysManager::SetEncryptionKeysWithTimestamps:", "result":"Success", "context":Key timestamps[9]:[2020-10-10T14:41:25Z][2021-04-09T01:28:20Z][2021-11-14T23:14:38Z][2022-05-15T00:37:09Z][2022-12-18T09:48:51Z][2023-03-20T11:20:38Z][2023-04-11T00:24:13Z][2024-04-07T02:44:24Z][2024-10-04T11:12:08Z]}
{"logTime": "0330/060920", "correlationVector":"7kVrrQiynTLFLTKekm7Ypz","action":"Initial GetUpdates", "result":"", "context":Reason: NEW_CLIENT. cV=7kVrrQiynTLFLTKekm7Ypz}
{"logTime": "0330/060920", "correlationVector":"7kVrrQiynTLFLTKekm7Ypz.3","action":"GetUpdates Response", "result":"Success", "context":Received 1 update(s). cV=7kVrrQiynTLFLTKekm7Ypz.0;server=akswtt006000004;cloudType=Consumer;environment=Prod_japaneast_prod-s01-061-apac-japaneast;migrationStage=NotStarted}
{"logTime": "0330/060920", "correlationVector":"C4VK/RWi2Ouc2wNJdoxxsP","action":"Initial GetUpdates", "result":"", "context":Reason: NEWLY_SUPPORTED_DATATYPE. cV=C4VK/RWi2Ouc2wNJdoxxsP}
{"logTime": "0330/060920", "correlationVector":"C4VK/RWi2Ouc2wNJdoxxsP.1","action":"SyncServerConnectionManagerRequest", "result":"SYNC_SERVER_OK", "context":{"environment":"Prod_japaneast_prod-s01-061-apac-japaneast", "migrationStage":"NotStarted", "server":"akswtt00600004l"}}
{"logTime": "0330/060920", "correlationVector":"C4VK/RWi2Ouc2wNJdoxxsP.2","action":"ProcessGetUpdates", "result":"Done", "context":{"dataType":"Passwords", "deleted":"3", "process_failed_to_decrypt":"0", "process_pending_decryption":"0", "process_success":"45", "total":"45"}}
{"logTime": "0330/060920", "correlationVector":"C4VK/RWi2Ouc2wNJdoxxsP.3","action":"GetUpdates Response", "result":"Success", "context":Received 45 update(s). cV=C4VK/RWi2Ouc2wNJdoxxsP.0;server=akswtt00600004l;cloudType=Consumer;environment=Prod_japaneast_prod-s01-061-apac-japaneast;migrationStage=NotStarted}
{"logTime": "0330/060920", "correlationVector":"u22MiNZwX7gnfNxLRiWlWZ","action":"Normal GetUpdate request", "result":"", "context":cV=u22MiNZwX7gnfNxLRiWlWZ
Nudged types: Sessions, Device Info, History
Refresh requested types: Bookmarks, Preferences, Passwords, Autofill Profiles, Autofill, Extensions, Sessions, Extension settings, History Delete Directives, Device Info, User Consents, Send Tab To Self, Web Apps, History, Collection, Edge E Drop, Edge Hub App Usage, Edge Tab Group, Edge Wallet, Encryption Keys}
{"logTime": "0330/060920", "correlationVector":"u22MiNZwX7gnfNxLRiWlWZ.1","action":"SyncServerConnectionManagerRequest", "result":"SYNC_SERVER_OK", "context":{"environment":"Prod_japaneast_prod-s01-061-apac-japaneast", "migrationStage":"NotStarted", "server":"akswtt00600002n"}}
{"logTime": "0330/060920", "correlationVector":"u22MiNZwX7gnfNxLRiWlWZ.2","action":"GetUpdates Response", "result":"Success", "context":Received 0 update(s). cV=u22MiNZwX7gnfNxLRiWlWZ.0;server=akswtt00600002n;cloudType=Consumer;environment=Prod_japaneast_prod-s01-061-apac-japaneast;migrationStage=NotStarted}
{"logTime": "0330/060920", "correlationVector":"2O4Nv30Z8m65wK+nGOibQ6","action":"Commit Request", "result":"", "context":Item count: 5
Contributing types: Sessions, Device Info, History}
{"logTime": "0330/060921", "correlationVector":"2O4Nv30Z8m65wK+nGOibQ6.1","action":"SyncServerConnectionManagerRequest", "result":"SYNC_SERVER_OK", "context":{"environment":"Prod_japaneast_prod-s01-061-apac-japaneast", "migrationStage":"NotStarted", "server":"akswtt00600002n"}}
{"logTime": "0330/060921", "correlationVector":"2O4Nv30Z8m65wK+nGOibQ6.2","action":"Commit Response", "result":"Success", "context":Result: Success. cV=2O4Nv30Z8m65wK+nGOibQ6.0;server=akswtt00600002n;cloudType=Consumer;environment=Prod_japaneast_prod-s01-061-apac-japaneast;migrationStage=NotStarted}
{"logTime": "0330/060921", "correlationVector":"2O4Nv30Z8m65wK+nGOibQ6.3","action":"Commit.Sessions", "result":"Success", "context":{"id":"7b448f67-8fbe-480e-94d4-79e7ebb34617", "isDeleted":"true", "size":"0", "version":"1743253409942"}}
{"logTime": "0330/060921", "correlationVector":"dD4D7V6So1eCtNFH+1z4OJ","action":"Poll GetUpdate request", "result":"", "context":cV=dD4D7V6So1eCtNFH+1z4OJ}
{"logTime": "0330/060921", "correlationVector":"dD4D7V6So1eCtNFH+1z4OJ.1","action":"SyncServerConnectionManagerRequest", "result":"SYNC_SERVER_OK", "context":{"environment":"Prod_japaneast_prod-s01-061-apac-japaneast", "migrationStage":"NotStarted", "server":"akswtt00600004a"}}
{"logTime": "0330/060921", "correlationVector":"dD4D7V6So1eCtNFH+1z4OJ.2","action":"ProcessGetUpdates", "result":"Done", "context":{"dataType":"Sessions", "deleted":"1", "process_failed_to_decrypt":"0", "process_pending_decryption":"0", "process_success":"3", "total":"3"}}
{"logTime": "0330/060921", "correlationVector":"dD4D7V6So1eCtNFH+1z4OJ.3","action":"ProcessGetUpdates", "result":"Done", "context":{"dataType":"Device Info", "deleted":"0", "process_failed_to_decrypt":"0", "process_pending_decryption":"0", "process_success":"1", "total":"1"}}
{"logTime": "0330/060921", "correlationVector":"dD4D7V6So1eCtNFH+1z4OJ.4","action":"ProcessGetUpdates", "result":"Done", "context":{"dataType":"History", "deleted":"0", "process_failed_to_decrypt":"0", "process_pending_decryption":"0", "process_success":"1", "total":"1"}}
{"logTime": "0330/060921", "correlationVector":"dD4D7V6So1eCtNFH+1z4OJ.5","action":"GetUpdates Response", "result":"Success", "context":Received 5 update(s). cV=dD4D7V6So1eCtNFH+1z4OJ.0;server=akswtt00600004a;cloudType=Consumer;environment=Prod_japaneast_prod-s01-061-apac-japaneast;migrationStage=NotStarted}
{"logTime": "0330/060925", "correlationVector":"B0FvWnIX1TL03xvjewiZsx","action":"Commit Request", "result":"", "context":Item count: 1
Contributing types: Preferences}
{"logTime": "0330/060925", "correlationVector":"B0FvWnIX1TL03xvjewiZsx.1","action":"SyncServerConnectionManagerRequest", "result":"SYNC_SERVER_OK", "context":{"environment":"Prod_japaneast_prod-s01-061-apac-japaneast", "migrationStage":"NotStarted", "server":"akswtt006000034"}}
{"logTime": "0330/060925", "correlationVector":"B0FvWnIX1TL03xvjewiZsx.2","action":"Commit Response", "result":"Success", "context":Result: Success. cV=B0FvWnIX1TL03xvjewiZsx.0;server=akswtt006000034;cloudType=Consumer;environment=Prod_japaneast_prod-s01-061-apac-japaneast;migrationStage=NotStarted}
{"logTime": "0401/021519", "correlationVector":"OeFbG9kR/Kks/USgwODdo6.1","action":"SyncServerConnectionManagerRequest", "result":"SYNC_SERVER_OK", "context":{"environment":"Prod_japaneast_prod-s01-061-apac-japaneast", "migrationStage":"NotStarted", "server":"akswtt00600002r"}}
{"logTime": "0401/021519", "correlationVector":"OeFbG9kR/Kks/USgwODdo6.2","action":"ProcessGetUpdates", "result":"Done", "context":{"dataType":"Encryption Keys", "deleted":"0", "process_failed_to_decrypt":"0", "process_pending_decryption":"0", "process_success":"1", "total":"1"}}
{"logTime": "0401/021519", "correlationVector":"v1kxkZlj8qXDhJEllA299x","action":"SyncServerConnectionManagerRequest", "result":"SYNC_SERVER_OK", "context":{"environment":"", "migrationStage":"", "server":""}}
{"logTime": "0401/021519", "correlationVector":"v1kxkZlj8qXDhJEllA299x.0","action":"EncryptionKeysFetcher.DownloadKeys:", "result":"Success", "context":Key count: 9, Last key timestamp: 2024-10-04T11:12:08Z}
{"logTime": "0401/021519", "correlationVector":"v1kxkZlj8qXDhJEllA299x.1","action":"EncryptionKeysManager::SetEncryptionKeys:", "result":"Success", "context":Key names[9]:[gzREIIqKcpdsBfmXYmGdttzMWnSSOJPLccgLVlWHJxQdiT+iumY3IRnhpi6R9XKuzi5l+lGxE10m683UcMWaPg==][47rvE7JHHjJKjuVtU7RjdfYC1eNM5qjzDRxhxD1oHBoQXwyAODrnux+ZoqfuwROlTqM7hqNrgI/n9JYiCUGsiA==][5reJYmqb280dfA03xVWzEzY8APvgTrzc2RPrbogkpq1uulS1Edt6NDvqDUMJ/j10fSMDrr2xfWTgHdcNOwqxdQ==][RPmZm/EtUtPB8JiYipFsMSq0c6hVIORDQa8ntfqcFUtaJunIC11XfE9Sczl+CqlMd8f/J3fhTmJPTx2HdChowQ==][KyMWOHyM7YEHbOHGNmkAi+XBIeE1pHups/sI6X/UcHqu0NymfnJVfEFzaCvJ3qz2tUi4wreDkOJqNXtpiOQWrw==][WwbF2rnlSP5uJiH8WjC3OlCuRluzm4sHXJq6EAf+XqwzZzb0KSA/yxdAdVuiKHyksagm6/Q1jNluoGEmsPnV4w==][qQz55qPLQCFxTH4xuQhd5mFarAupQ7yqKXbddQXsObNPAebWo+WO9yRaBy6lTbcy8WDX6/BlBZPIhXRZAbAK6Q==][kGv3o+gYbDzFQjf0Wl+tz7qQyyS01k0ELoGpFk5Ml2EQQeigLTl69riP3O5BnfDtia82N3bqesAZPpcxkBC4Ug==][eXXmMviyWvjA8xJqnvTSTBDXtI3g//cYMilrg/Ij0E0maKaMP93wPpe7VkGD2hoOqvA2TBU/FzqvE1b2w1K/dQ==]}
{"logTime": "0401/021519", "correlationVector":"v1kxkZlj8qXDhJEllA299x.2","action":"EncryptionKeysManager::SetEncryptionKeysWithTimestamps:", "result":"Success", "context":Key timestamps[9]:[2020-10-10T14:41:25Z][2021-04-09T01:28:20Z][2021-11-14T23:14:38Z][2022-05-15T00:37:09Z][2022-12-18T09:48:51Z][2023-03-20T11:20:38Z][2023-04-11T00:24:13Z][2024-04-07T02:44:24Z][2024-10-04T11:12:08Z]}
{"logTime": "0401/021519", "correlationVector":"OeFbG9kR/Kks/USgwODdo6","action":"Initial GetUpdates", "result":"", "context":Reason: NEW_CLIENT. cV=OeFbG9kR/Kks/USgwODdo6}
{"logTime": "0401/021519", "correlationVector":"OeFbG9kR/Kks/USgwODdo6.3","action":"GetUpdates Response", "result":"Success", "context":Received 1 update(s). cV=OeFbG9kR/Kks/USgwODdo6.0;server=akswtt00600002r;cloudType=Consumer;environment=Prod_japaneast_prod-s01-061-apac-japaneast;migrationStage=NotStarted}
{"logTime": "0401/021519", "correlationVector":"fHoc+IOF1bXc5N7iNEbfce","action":"Initial GetUpdates", "result":"", "context":Reason: NEWLY_SUPPORTED_DATATYPE. cV=fHoc+IOF1bXc5N7iNEbfce}
{"logTime": "0401/021520", "correlationVector":"fHoc+IOF1bXc5N7iNEbfce.1","action":"SyncServerConnectionManagerRequest", "result":"SYNC_SERVER_OK", "context":{"environment":"Prod_japaneast_prod-s01-061-apac-japaneast", "migrationStage":"NotStarted", "server":"akswtt00600004l"}}
{"logTime": "0401/021520", "correlationVector":"fHoc+IOF1bXc5N7iNEbfce.2","action":"ProcessGetUpdates", "result":"Done", "context":{"dataType":"Passwords", "deleted":"3", "process_failed_to_decrypt":"0", "process_pending_decryption":"0", "process_success":"45", "total":"45"}}
{"logTime": "0401/021520", "correlationVector":"fHoc+IOF1bXc5N7iNEbfce.3","action":"GetUpdates Response", "result":"Success", "context":Received 45 update(s). cV=fHoc+IOF1bXc5N7iNEbfce.0;server=akswtt00600004l;cloudType=Consumer;environment=Prod_japaneast_prod-s01-061-apac-japaneast;migrationStage=NotStarted}
{"logTime": "0401/021520", "correlationVector":"bvZ75QbLZH8+Jimg1MRa2+","action":"Normal GetUpdate request", "result":"", "context":cV=bvZ75QbLZH8+Jimg1MRa2+
Nudged types: Sessions, Device Info, History
Refresh requested types: Bookmarks, Preferences, Passwords, Autofill Profiles, Autofill, Extensions, Sessions, Extension settings, History Delete Directives, Device Info, User Consents, Send Tab To Self, Web Apps, History, Collection, Edge E Drop, Edge Hub App Usage, Edge Tab Group, Edge Wallet, Encryption Keys}
{"logTime": "0401/021520", "correlationVector":"bvZ75QbLZH8+Jimg1MRa2+.1","action":"SyncServerConnectionManagerRequest", "result":"SYNC_SERVER_OK", "context":{"environment":"Prod_japaneast_prod-s01-061-apac-japaneast", "migrationStage":"NotStarted", "server":"akswtt00600002h"}}
{"logTime": "0401/021520", "correlationVector":"bvZ75QbLZH8+Jimg1MRa2+.2","action":"ProcessGetUpdates", "result":"Done", "context":{"dataType":"Preferences", "deleted":"0", "process_failed_to_decrypt":"0", "process_pending_decryption":"0", "process_success":"1", "total":"1"}}
{"logTime": "0401/021520", "correlationVector":"bvZ75QbLZH8+Jimg1MRa2+.3","action":"GetUpdates Response", "result":"Success", "context":Received 1 update(s). cV=bvZ75QbLZH8+Jimg1MRa2+.0;server=akswtt00600002h;cloudType=Consumer;environment=Prod_japaneast_prod-s01-061-apac-japaneast;migrationStage=NotStarted}
{"logTime": "0401/021520", "correlationVector":"1wkLxTp8Ul/4ATHe0ogbPj","action":"Commit Request", "result":"", "context":Item count: 5
Contributing types: Sessions, Device Info, History}
{"logTime": "0401/021521", "correlationVector":"1wkLxTp8Ul/4ATHe0ogbPj.1","action":"SyncServerConnectionManagerRequest", "result":"SYNC_SERVER_OK", "context":{"environment":"Prod_japaneast_prod-s01-061-apac-japaneast", "migrationStage":"NotStarted", "server":"akswtt00600000m"}}
{"logTime": "0401/021521", "correlationVector":"1wkLxTp8Ul/4ATHe0ogbPj.3","action":"Commit.Sessions", "result":"Success", "context":{"id":"32b1d32c-4e9e-4aee-a5d2-37968c8e8828", "isDeleted":"true", "size":"0", "version":"1743314961125"}}
{"logTime": "0401/021521", "correlationVector":"1wkLxTp8Ul/4ATHe0ogbPj.2","action":"Commit Response", "result":"Success", "context":Result: Success. cV=1wkLxTp8Ul/4ATHe0ogbPj.0;server=akswtt00600000m;cloudType=Consumer;environment=Prod_japaneast_prod-s01-061-apac-japaneast;migrationStage=NotStarted}
{"logTime": "0401/021521", "correlationVector":"TbkgwLEVbXi8poD2bSo9mh","action":"Poll GetUpdate request", "result":"", "context":cV=TbkgwLEVbXi8poD2bSo9mh}
{"logTime": "0401/021521", "correlationVector":"TbkgwLEVbXi8poD2bSo9mh.1","action":"SyncServerConnectionManagerRequest", "result":"SYNC_SERVER_OK", "context":{"environment":"Prod_japaneast_prod-s01-061-apac-japaneast", "migrationStage":"NotStarted", "server":"akswtt00600000t"}}
{"logTime": "0401/021521", "correlationVector":"TbkgwLEVbXi8poD2bSo9mh.2","action":"ProcessGetUpdates", "result":"Done", "context":{"dataType":"Sessions", "deleted":"1", "process_failed_to_decrypt":"0", "process_pending_decryption":"0", "process_success":"3", "total":"3"}}
{"logTime": "0401/021521", "correlationVector":"TbkgwLEVbXi8poD2bSo9mh.3","action":"ProcessGetUpdates", "result":"Done", "context":{"dataType":"Device Info", "deleted":"0", "process_failed_to_decrypt":"0", "process_pending_decryption":"0", "process_success":"1", "total":"1"}}
{"logTime": "0401/021521", "correlationVector":"TbkgwLEVbXi8poD2bSo9mh.4","action":"ProcessGetUpdates", "result":"Done", "context":{"dataType":"History", "deleted":"0", "process_failed_to_decrypt":"0", "process_pending_decryption":"0", "process_success":"1", "total":"1"}}
{"logTime": "0401/021521", "correlationVector":"TbkgwLEVbXi8poD2bSo9mh.5","action":"GetUpdates Response", "result":"Success", "context":Received 5 update(s). cV=TbkgwLEVbXi8poD2bSo9mh.0;server=akswtt00600000t;cloudType=Consumer;environment=Prod_japaneast_prod-s01-061-apac-japaneast;migrationStage=NotStarted}
{"logTime": "0401/021525", "correlationVector":"3nMrE+tuDtTvHk3A7A/c1d","action":"Commit Request", "result":"", "context":Item count: 1
Contributing types: Preferences}
{"logTime": "0401/021525", "correlationVector":"3nMrE+tuDtTvHk3A7A/c1d.1","action":"SyncServerConnectionManagerRequest", "result":"SYNC_SERVER_OK", "context":{"environment":"Prod_eastasia_prod-s01-034-apac-eastasia", "migrationStage":"NotStarted", "server":"akswtt006000014"}}
{"logTime": "0401/021525", "correlationVector":"3nMrE+tuDtTvHk3A7A/c1d.2","action":"Commit Response", "result":"Success", "context":Result: Success. cV=3nMrE+tuDtTvHk3A7A/c1d.0;server=akswtt006000014;cloudType=Consumer;environment=Prod_eastasia_prod-s01-034-apac-eastasia;migrationStage=NotStarted}
{"logTime": "0401/021529", "correlationVector":"SL2AYYUEIrBMlBUzsnJZLe","action":"Commit Request", "result":"", "context":Item count: 3
Contributing types: Sessions, History, Edge Hub App Usage}
{"logTime": "0401/021530", "correlationVector":"SL2AYYUEIrBMlBUzsnJZLe.1","action":"SyncServerConnectionManagerRequest", "result":"SYNC_SERVER_OK", "context":{"environment":"Prod_japaneast_prod-s01-061-apac-japaneast", "migrationStage":"NotStarted", "server":"akswtt00600000e"}}
{"logTime": "0401/021530", "correlationVector":"SL2AYYUEIrBMlBUzsnJZLe.2","action":"Commit Response", "result":"Success", "context":Result: Success. cV=SL2AYYUEIrBMlBUzsnJZLe.0;server=akswtt00600000e;cloudType=Consumer;environment=Prod_japaneast_prod-s01-061-apac-japaneast;migrationStage=NotStarted}
{"logTime": "0401/021548", "correlationVector":"tD9ZYYjz5GI2jKpZi2gfsp","action":"Commit Request", "result":"", "context":Item count: 1
Contributing types: Preferences}
{"logTime": "0401/021549", "correlationVector":"tD9ZYYjz5GI2jKpZi2gfsp.1","action":"SyncServerConnectionManagerRequest", "result":"SYNC_SERVER_OK", "context":{"environment":"Prod_eastasia_prod-s01-034-apac-eastasia", "migrationStage":"NotStarted", "server":"akswtt006000005"}}
{"logTime": "0401/021549", "correlationVector":"tD9ZYYjz5GI2jKpZi2gfsp.2","action":"Commit Response", "result":"Success", "context":Result: Success. cV=tD9ZYYjz5GI2jKpZi2gfsp.0;server=akswtt006000005;cloudType=Consumer;environment=Prod_eastasia_prod-s01-034-apac-eastasia;migrationStage=NotStarted}
{"logTime": "0401/021631", "correlationVector":"RIhZQTVtzqmsIlIeDk0m1W","action":"Commit Request", "result":"", "context":Item count: 1
Contributing types: Device Info}
{"logTime": "0401/021631", "correlationVector":"RIhZQTVtzqmsIlIeDk0m1W.1","action":"SyncServerConnectionManagerRequest", "result":"SYNC_SERVER_OK", "context":{"environment":"Prod_japaneast_prod-s01-061-apac-japaneast", "migrationStage":"NotStarted", "server":"akswtt00600002m"}}
{"logTime": "0401/021631", "correlationVector":"RIhZQTVtzqmsIlIeDk0m1W.2","action":"Commit Response", "result":"Success", "context":Result: Success. cV=RIhZQTVtzqmsIlIeDk0m1W.0;server=akswtt00600002m;cloudType=Consumer;environment=Prod_japaneast_prod-s01-061-apac-japaneast;migrationStage=NotStarted}
{"logTime": "0430/070843", "correlationVector":"JujjW8aem+DjW0EGWLFUAP.1","action":"SyncServerConnectionManagerRequest", "result":"SYNC_SERVER_OK", "context":{"environment":"Prod_japaneast_prod-s01-061-apac-japaneast", "migrationStage":"NotStarted", "server":"akswtt00700000x"}}
{"logTime": "0430/070843", "correlationVector":"JujjW8aem+DjW0EGWLFUAP.2","action":"ProcessGetUpdates", "result":"Done", "context":{"dataType":"Encryption Keys", "deleted":"0", "process_failed_to_decrypt":"0", "process_pending_decryption":"0", "process_success":"1", "total":"1"}}
{"logTime": "0430/070847", "correlationVector":"Rc6LuygokkGZHWEdpdKmbi","action":"SyncServerConnectionManagerRequest", "result":"SYNC_SERVER_OK", "context":{"environment":"", "migrationStage":"", "server":""}}
{"logTime": "0430/070847", "correlationVector":"Rc6LuygokkGZHWEdpdKmbi.0","action":"EncryptionKeysFetcher.DownloadKeys:", "result":"Success", "context":Key count: 10, Last key timestamp: 2025-04-30T07:08:44Z}
{"logTime": "0430/070847", "correlationVector":"Rc6LuygokkGZHWEdpdKmbi.1","action":"EncryptionKeysManager::SetEncryptionKeys:", "result":"Success", "context":Key names[10]:[gzREIIqKcpdsBfmXYmGdttzMWnSSOJPLccgLVlWHJxQdiT+iumY3IRnhpi6R9XKuzi5l+lGxE10m683UcMWaPg==][47rvE7JHHjJKjuVtU7RjdfYC1eNM5qjzDRxhxD1oHBoQXwyAODrnux+ZoqfuwROlTqM7hqNrgI/n9JYiCUGsiA==][5reJYmqb280dfA03xVWzEzY8APvgTrzc2RPrbogkpq1uulS1Edt6NDvqDUMJ/j10fSMDrr2xfWTgHdcNOwqxdQ==][RPmZm/EtUtPB8JiYipFsMSq0c6hVIORDQa8ntfqcFUtaJunIC11XfE9Sczl+CqlMd8f/J3fhTmJPTx2HdChowQ==][KyMWOHyM7YEHbOHGNmkAi+XBIeE1pHups/sI6X/UcHqu0NymfnJVfEFzaCvJ3qz2tUi4wreDkOJqNXtpiOQWrw==][WwbF2rnlSP5uJiH8WjC3OlCuRluzm4sHXJq6EAf+XqwzZzb0KSA/yxdAdVuiKHyksagm6/Q1jNluoGEmsPnV4w==][qQz55qPLQCFxTH4xuQhd5mFarAupQ7yqKXbddQXsObNPAebWo+WO9yRaBy6lTbcy8WDX6/BlBZPIhXRZAbAK6Q==][kGv3o+gYbDzFQjf0Wl+tz7qQyyS01k0ELoGpFk5Ml2EQQeigLTl69riP3O5BnfDtia82N3bqesAZPpcxkBC4Ug==][eXXmMviyWvjA8xJqnvTSTBDXtI3g//cYMilrg/Ij0E0maKaMP93wPpe7VkGD2hoOqvA2TBU/FzqvE1b2w1K/dQ==][sP4g5j2CTVLrIlX0QU0+Z/NWbe/vX7DT9BRb+f9Lhzu1UaWMASqTxgeD0yf3Xeyf3nDeWmf31AdKBw97Qsa6cg==]}
{"logTime": "0430/070847", "correlationVector":"Rc6LuygokkGZHWEdpdKmbi.2","action":"EncryptionKeysManager::SetEncryptionKeysWithTimestamps:", "result":"Success", "context":Key timestamps[10]:[2020-10-10T14:41:25Z][2021-04-09T01:28:20Z][2021-11-14T23:14:38Z][2022-05-15T00:37:09Z][2022-12-18T09:48:51Z][2023-03-20T11:20:38Z][2023-04-11T00:24:13Z][2024-04-07T02:44:24Z][2024-10-04T11:12:08Z][2025-04-30T07:08:44Z]}
{"logTime": "0430/070847", "correlationVector":"JujjW8aem+DjW0EGWLFUAP","action":"Initial GetUpdates", "result":"", "context":Reason: NEW_CLIENT. cV=JujjW8aem+DjW0EGWLFUAP}
{"logTime": "0430/070847", "correlationVector":"JujjW8aem+DjW0EGWLFUAP.3","action":"GetUpdates Response", "result":"Success", "context":Received 1 update(s). cV=JujjW8aem+DjW0EGWLFUAP.0;server=akswtt00700000x;cloudType=Consumer;environment=Prod_japaneast_prod-s01-061-apac-japaneast;migrationStage=NotStarted}
{"logTime": "0430/070847", "correlationVector":"Qvzg9ZHWQFtB0xdAgVTE0O","action":"Initial GetUpdates", "result":"", "context":Reason: NEWLY_SUPPORTED_DATATYPE. cV=Qvzg9ZHWQFtB0xdAgVTE0O}
{"logTime": "0430/070907", "correlationVector":"Qvzg9ZHWQFtB0xdAgVTE0O.1","action":"SyncServerConnectionManagerRequest", "result":"SYNC_SERVER_OK", "context":{"environment":"Prod_eastasia_prod-s01-034-apac-eastasia", "migrationStage":"NotStarted", "server":"akswtt00700002w"}}
{"logTime": "0430/070907", "correlationVector":"Qvzg9ZHWQFtB0xdAgVTE0O.2","action":"ProcessGetUpdates", "result":"Done", "context":{"dataType":"Passwords", "deleted":"3", "process_failed_to_decrypt":"0", "process_pending_decryption":"0", "process_success":"45", "total":"45"}}
{"logTime": "0430/070907", "correlationVector":"Qvzg9ZHWQFtB0xdAgVTE0O.3","action":"GetUpdates Response", "result":"Success", "context":Received 45 update(s). cV=Qvzg9ZHWQFtB0xdAgVTE0O.0;server=akswtt00700002w;cloudType=Consumer;environment=Prod_eastasia_prod-s01-034-apac-eastasia;migrationStage=NotStarted}
{"logTime": "0430/070907", "correlationVector":"C6XSKyeS6u/dY3QKshlzay","action":"Initial GetUpdates", "result":"", "context":Reason: NEWLY_SUPPORTED_DATATYPE. cV=C6XSKyeS6u/dY3QKshlzay}
{"logTime": "0430/070907", "correlationVector":"C6XSKyeS6u/dY3QKshlzay.1","action":"SyncServerConnectionManagerRequest", "result":"SYNC_SERVER_OK", "context":{"environment":"Prod_japaneast_prod-s01-061-apac-japaneast", "migrationStage":"NotStarted", "server":"akswtt00700003a"}}
{"logTime": "0430/070907", "correlationVector":"C6XSKyeS6u/dY3QKshlzay.2","action":"GetUpdates Response", "result":"Success", "context":Received 0 update(s). cV=C6XSKyeS6u/dY3QKshlzay.0;server=akswtt00700003a;cloudType=Consumer;environment=Prod_japaneast_prod-s01-061-apac-japaneast;migrationStage=NotStarted}
{"logTime": "0430/070907", "correlationVector":"7v6++E6mcq8AS9xbqGJ0G6","action":"Normal GetUpdate request", "result":"", "context":cV=7v6++E6mcq8AS9xbqGJ0G6
Nudged types: Preferences, Sessions, Device Info, History, Encryption Keys
Refresh requested types: Bookmarks, Preferences, Passwords, Autofill Profiles, Autofill, Extensions, Sessions, Extension settings, History Delete Directives, Device Info, User Consents, Send Tab To Self, Web Apps, History, Saved Tab Group, Collection, Edge E Drop, Edge Hub App Usage, Edge Tab Group, Edge Wallet, Encryption Keys}
{"logTime": "0430/070907", "correlationVector":"7v6++E6mcq8AS9xbqGJ0G6.1","action":"SyncServerConnectionManagerRequest", "result":"SYNC_SERVER_OK", "context":{"environment":"Prod_japaneast_prod-s01-061-apac-japaneast", "migrationStage":"NotStarted", "server":"akswtt00700000j"}}
{"logTime": "0430/070907", "correlationVector":"7v6++E6mcq8AS9xbqGJ0G6.2","action":"ProcessGetUpdates", "result":"Done", "context":{"dataType":"Preferences", "deleted":"0", "process_failed_to_decrypt":"0", "process_pending_decryption":"0", "process_success":"2", "total":"2"}}
{"logTime": "0430/070907", "correlationVector":"7v6++E6mcq8AS9xbqGJ0G6.3","action":"ProcessGetUpdates", "result":"Done", "context":{"dataType":"Device Info", "deleted":"0", "process_failed_to_decrypt":"0", "process_pending_decryption":"0", "process_success":"1", "total":"1"}}
{"logTime": "0430/070907", "correlationVector":"7v6++E6mcq8AS9xbqGJ0G6.4","action":"ProcessGetUpdates", "result":"Done", "context":{"dataType":"Edge Hub App Usage", "deleted":"0", "process_failed_to_decrypt":"0", "process_pending_decryption":"0", "process_success":"1", "total":"1"}}
{"logTime": "0430/070907", "correlationVector":"7v6++E6mcq8AS9xbqGJ0G6.5","action":"GetUpdates Response", "result":"Success", "context":Received 4 update(s). cV=7v6++E6mcq8AS9xbqGJ0G6.0;server=akswtt00700000j;cloudType=Consumer;environment=Prod_japaneast_prod-s01-061-apac-japaneast;migrationStage=NotStarted}
{"logTime": "0430/070907", "correlationVector":"ssRqJZkJn+fSf9SRwNfup3","action":"Commit Request", "result":"", "context":Item count: 1
Contributing types: Encryption Keys}
{"logTime": "0430/070908", "correlationVector":"ssRqJZkJn+fSf9SRwNfup3.1","action":"SyncServerConnectionManagerRequest", "result":"SYNC_SERVER_OK", "context":{"environment":"Prod_eastasia_prod-s01-034-apac-eastasia", "migrationStage":"NotStarted", "server":"akswtt007000037"}}
{"logTime": "0430/070908", "correlationVector":"ssRqJZkJn+fSf9SRwNfup3.2","action":"Commit Response", "result":"Success", "context":Result: Success. cV=ssRqJZkJn+fSf9SRwNfup3.0;server=akswtt007000037;cloudType=Consumer;environment=Prod_eastasia_prod-s01-034-apac-eastasia;migrationStage=NotStarted}
{"logTime": "0430/070908", "correlationVector":"qZtqy1dH7C7Io0Jlj+fgiC","action":"Commit Request", "result":"", "context":Item count: 40
Contributing types: Passwords}
{"logTime": "0430/070910", "correlationVector":"qZtqy1dH7C7Io0Jlj+fgiC.1","action":"SyncServerConnectionManagerRequest", "result":"SYNC_SERVER_OK", "context":{"environment":"Prod_japaneast_prod-s01-061-apac-japaneast", "migrationStage":"NotStarted", "server":"akswtt00700003a"}}
{"logTime": "0430/070910", "correlationVector":"qZtqy1dH7C7Io0Jlj+fgiC.2","action":"Commit Response", "result":"Success", "context":Result: Success. cV=qZtqy1dH7C7Io0Jlj+fgiC.0;server=akswtt00700003a;cloudType=Consumer;environment=Prod_japaneast_prod-s01-061-apac-japaneast;migrationStage=NotStarted}
{"logTime": "0430/070910", "correlationVector":"qITF/mwjXzXDbOnEo4xsS2","action":"Commit Request", "result":"", "context":Item count: 24
Contributing types: Preferences, Passwords, Autofill Profiles, Autofill, Sessions, Device Info, History}
{"logTime": "0430/070912", "correlationVector":"qITF/mwjXzXDbOnEo4xsS2.1","action":"SyncServerConnectionManagerRequest", "result":"SYNC_SERVER_OK", "context":{"environment":"Prod_eastasia_prod-s01-034-apac-eastasia", "migrationStage":"NotStarted", "server":"akswtt00700000r"}}
{"logTime": "0430/070912", "correlationVector":"qITF/mwjXzXDbOnEo4xsS2.2","action":"Commit Response", "result":"Success", "context":Result: Success. cV=qITF/mwjXzXDbOnEo4xsS2.0;server=akswtt00700000r;cloudType=Consumer;environment=Prod_eastasia_prod-s01-034-apac-eastasia;migrationStage=NotStarted}
{"logTime": "0430/070912", "correlationVector":"qITF/mwjXzXDbOnEo4xsS2.3","action":"Commit.Autofill Profiles", "result":"Success", "context":{"id":"31f6a02c-6028-40bf-810c-9aa8377c18fc", "isDeleted":"true", "size":"0", "version":"1728040332302"}}
{"logTime": "0430/070912", "correlationVector":"qITF/mwjXzXDbOnEo4xsS2.4","action":"Commit.Autofill Profiles", "result":"Success", "context":{"id":"74c6bf85-4b68-488f-a5f8-f08f35cd86a8", "isDeleted":"true", "size":"0", "version":"1728040332303"}}
{"logTime": "0430/070912", "correlationVector":"qITF/mwjXzXDbOnEo4xsS2.5","action":"Commit.Autofill Profiles", "result":"Success", "context":{"id":"c2ecc526-4062-4587-8e0e-72bad4b292f6", "isDeleted":"true", "size":"0", "version":"1728040332304"}}
{"logTime": "0430/070912", "correlationVector":"qITF/mwjXzXDbOnEo4xsS2.6","action":"Commit.Sessions", "result":"Success", "context":{"id":"b0a21fdd-1d77-4338-aa17-5283eada39b5", "isDeleted":"true", "size":"0", "version":"1743241610370"}}
{"logTime": "0430/070912", "correlationVector":"qITF/mwjXzXDbOnEo4xsS2.7","action":"Commit.Sessions", "result":"Success", "context":{"id":"c60c2444-a3fb-4259-b9d2-49c69da930c2", "isDeleted":"true", "size":"0", "version":"1743240248876"}}
{"logTime": "0430/070912", "correlationVector":"qITF/mwjXzXDbOnEo4xsS2.8","action":"Commit.Sessions", "result":"Success", "context":{"id":"e1a6deea-fc54-4069-9a6c-c77cbec62979", "isDeleted":"true", "size":"0", "version":"1743473730011"}}
{"logTime": "0430/070912", "correlationVector":"5bSV1EXaWSzRUowGWbk18u","action":"Commit Request", "result":"", "context":Item count: 1
Contributing types: Preferences}
{"logTime": "0430/070912", "correlationVector":"5bSV1EXaWSzRUowGWbk18u.1","action":"SyncServerConnectionManagerRequest", "result":"SYNC_SERVER_OK", "context":{"environment":"Prod_eastasia_prod-s01-034-apac-eastasia", "migrationStage":"NotStarted", "server":"akswtt007000006"}}
{"logTime": "0430/070912", "correlationVector":"5bSV1EXaWSzRUowGWbk18u.2","action":"Commit Response", "result":"Success", "context":Result: Success. cV=5bSV1EXaWSzRUowGWbk18u.0;server=akswtt007000006;cloudType=Consumer;environment=Prod_eastasia_prod-s01-034-apac-eastasia;migrationStage=NotStarted}
{"logTime": "0430/070912", "correlationVector":"/UgpNBPmkJLGO6LAbmzISA","action":"Poll GetUpdate request", "result":"", "context":cV=/UgpNBPmkJLGO6LAbmzISA}
{"logTime": "0430/070913", "correlationVector":"/UgpNBPmkJLGO6LAbmzISA.1","action":"SyncServerConnectionManagerRequest", "result":"SYNC_SERVER_OK", "context":{"environment":"Prod_eastasia_prod-s01-034-apac-eastasia", "migrationStage":"NotStarted", "server":"akswtt007000033"}}
{"logTime": "0430/070913", "correlationVector":"/UgpNBPmkJLGO6LAbmzISA.2","action":"ProcessGetUpdates", "result":"Done", "context":{"dataType":"Preferences", "deleted":"0", "process_failed_to_decrypt":"0", "process_pending_decryption":"0", "process_success":"4", "total":"4"}}
{"logTime": "0430/070913", "correlationVector":"/UgpNBPmkJLGO6LAbmzISA.3","action":"ProcessGetUpdates", "result":"Done", "context":{"dataType":"Passwords", "deleted":"0", "process_failed_to_decrypt":"0", "process_pending_decryption":"0", "process_success":"42", "total":"42"}}
{"logTime": "0430/070913", "correlationVector":"/UgpNBPmkJLGO6LAbmzISA.4","action":"ProcessGetUpdates", "result":"Done", "context":{"dataType":"Autofill Profiles", "deleted":"3", "process_failed_to_decrypt":"0", "process_pending_decryption":"0", "process_success":"5", "total":"5"}}
{"logTime": "0430/070913", "correlationVector":"/UgpNBPmkJLGO6LAbmzISA.5","action":"ProcessGetUpdates", "result":"Done", "context":{"dataType":"Autofill", "deleted":"0", "process_failed_to_decrypt":"0", "process_pending_decryption":"0", "process_success":"6", "total":"6"}}
{"logTime": "0430/070913", "correlationVector":"/UgpNBPmkJLGO6LAbmzISA.6","action":"ProcessGetUpdates", "result":"Done", "context":{"dataType":"Sessions", "deleted":"3", "process_failed_to_decrypt":"0", "process_pending_decryption":"0", "process_success":"5", "total":"5"}}
{"logTime": "0430/070913", "correlationVector":"/UgpNBPmkJLGO6LAbmzISA.7","action":"ProcessGetUpdates", "result":"Done", "context":{"dataType":"Device Info", "deleted":"0", "process_failed_to_decrypt":"0", "process_pending_decryption":"0", "process_success":"1", "total":"1"}}
{"logTime": "0430/070913", "correlationVector":"/UgpNBPmkJLGO6LAbmzISA.8","action":"ProcessGetUpdates", "result":"Done", "context":{"dataType":"History", "deleted":"0", "process_failed_to_decrypt":"0", "process_pending_decryption":"0", "process_success":"2", "total":"2"}}
{"logTime": "0430/070913", "correlationVector":"/UgpNBPmkJLGO6LAbmzISA.9","action":"ProcessGetUpdates", "result":"Done", "context":{"dataType":"Encryption Keys", "deleted":"0", "process_failed_to_decrypt":"0", "process_pending_decryption":"0", "process_success":"1", "total":"1"}}
{"logTime": "0430/070913", "correlationVector":"/UgpNBPmkJLGO6LAbmzISA.10","action":"GetUpdates Response", "result":"Success", "context":Received 66 update(s). cV=/UgpNBPmkJLGO6LAbmzISA.0;server=akswtt007000033;cloudType=Consumer;environment=Prod_eastasia_prod-s01-034-apac-eastasia;migrationStage=NotStarted}
{"logTime": "0430/070913", "correlationVector":"PaX4WOfZim6SbK38Vvay5I","action":"DoCompareDataConsistency requsted types: ", "result":"Bookmarks, Preferences, Passwords, Extensions, Extension settings, History Delete Directives, Send Tab To Self, Web Apps, History, Saved Tab Group, Collection, Edge E Drop, Edge Tab Group, Edge Wallet, Encryption Keys"}
{"logTime": "0430/070913", "correlationVector":"PaX4WOfZim6SbK38Vvay5I.0","action":"CompareDataConsistency result: ", "result":"Compare result: Encryption Keys is consistent. local entities count is: 1 local entities hash is: YK4Go8d+8QFT4hMLnjxQi4h70rc="}
{"logTime": "0430/070913", "correlationVector":"PaX4WOfZim6SbK38Vvay5I.1","action":"CompareDataConsistency result: ", "result":"Compare result: Bookmarks is consistent. local entities count is: 33 local entities hash is: 4pCMeWDYwiMhZ+yUSoeM7S96RBk="}
{"logTime": "0430/070913", "correlationVector":"PaX4WOfZim6SbK38Vvay5I.2","action":"CompareDataConsistency result: ", "result":"Compare result: Preferences is consistent. local entities count is: 77 local entities hash is: VKPLkhJQqrDye4jYvTa8dNO02h8="}
{"logTime": "0430/070913", "correlationVector":"PaX4WOfZim6SbK38Vvay5I.3","action":"CompareDataConsistency result: ", "result":"Compare result: Extensions is consistent. local entities count is: 1 local entities hash is: gIMBh3gkiFYk0a4ITpOgXvAbQlI="}
{"logTime": "0430/070913", "correlationVector":"PaX4WOfZim6SbK38Vvay5I.4","action":"CompareDataConsistency result: ", "result":"Compare result: Extension settings is consistent. local entities count is: 0 local entities hash is: "}
{"logTime": "0430/070913", "correlationVector":"PaX4WOfZim6SbK38Vvay5I.5","action":"CompareDataConsistency result: ", "result":"Compare result: History Delete Directives is consistent. local entities count is: 0 local entities hash is: "}
{"logTime": "0430/070913", "correlationVector":"PaX4WOfZim6SbK38Vvay5I.6","action":"CompareDataConsistency result: ", "result":"Server did not send this Send Tab To Self local entities count is: 0 local entities hash is: "}
{"logTime": "0430/070913", "correlationVector":"PaX4WOfZim6SbK38Vvay5I.7","action":"CompareDataConsistency result: ", "result":"Compare result: Web Apps is consistent. local entities count is: 0 local entities hash is: "}
{"logTime": "0430/070913", "correlationVector":"PaX4WOfZim6SbK38Vvay5I.8","action":"CompareDataConsistency result: ", "result":"Server did not send this History local entities count is: 0 local entities hash is: "}
{"logTime": "0430/070913", "correlationVector":"PaX4WOfZim6SbK38Vvay5I.9","action":"CompareDataConsistency result: ", "result":"Compare result: Saved Tab Group is consistent. local entities count is: 0 local entities hash is: "}
{"logTime": "0430/070913", "correlationVector":"PaX4WOfZim6SbK38Vvay5I.10","action":"CompareDataConsistency result: ", "result":"Compare result: Collection is consistent. local entities count is: 2 local entities hash is: 292QKwAXymXnZu4/cH+tpgSDpVY="}
{"logTime": "0430/070913", "correlationVector":"PaX4WOfZim6SbK38Vvay5I.11","action":"CompareDataConsistency result: ", "result":"Compare result: Edge E Drop is consistent. local entities count is: 0 local entities hash is: "}
{"logTime": "0430/070913", "correlationVector":"PaX4WOfZim6SbK38Vvay5I.12","action":"CompareDataConsistency result: ", "result":"Compare result: Edge Tab Group is consistent. local entities count is: 0 local entities hash is: "}
{"logTime": "0430/070913", "correlationVector":"PaX4WOfZim6SbK38Vvay5I.13","action":"CompareDataConsistency result: ", "result":"Compare result: Edge Wallet is consistent. local entities count is: 0 local entities hash is: "}
{"logTime": "0430/070913", "correlationVector":"PaX4WOfZim6SbK38Vvay5I.14","action":"CompareDataConsistency result: ", "result":"Compare result: Passwords is consistent. local entities count is: 42 local entities hash is: dS9n4HuPq/P7/Ebrur1waQNALz8="}
{"logTime": "0430/070913", "correlationVector":"","action":"DIAGNOSTIC_REQUEST|v1/diagnosticData/Diagnostic.SendCheckResult()|SUCCESS", "result":""}
{"logTime": "0430/070941", "correlationVector":"4qbCdatt2m1gcGCY0wQz9n","action":"Commit Request", "result":"", "context":Item count: 1
Contributing types: Preferences}
{"logTime": "0430/070941", "correlationVector":"4qbCdatt2m1gcGCY0wQz9n.1","action":"SyncServerConnectionManagerRequest", "result":"SYNC_SERVER_OK", "context":{"environment":"Prod_japaneast_prod-s01-061-apac-japaneast", "migrationStage":"NotStarted", "server":"akswtt007000031"}}
{"logTime": "0430/070941", "correlationVector":"4qbCdatt2m1gcGCY0wQz9n.2","action":"Commit Response", "result":"Success", "context":Result: Success. cV=4qbCdatt2m1gcGCY0wQz9n.0;server=akswtt007000031;cloudType=Consumer;environment=Prod_japaneast_prod-s01-061-apac-japaneast;migrationStage=NotStarted}
{"logTime": "0430/070950", "correlationVector":"xjPr4IVo7shmYDBgUTX/lg","action":"Commit Request", "result":"", "context":Item count: 1
Contributing types: Preferences}
{"logTime": "0430/070951", "correlationVector":"xjPr4IVo7shmYDBgUTX/lg.1","action":"SyncServerConnectionManagerRequest", "result":"SYNC_SERVER_OK", "context":{"environment":"Prod_eastasia_prod-s01-034-apac-eastasia", "migrationStage":"NotStarted", "server":"akswtt00700002p"}}
{"logTime": "0430/070951", "correlationVector":"xjPr4IVo7shmYDBgUTX/lg.2","action":"Commit Response", "result":"Success", "context":Result: Success. cV=xjPr4IVo7shmYDBgUTX/lg.0;server=akswtt00700002p;cloudType=Consumer;environment=Prod_eastasia_prod-s01-034-apac-eastasia;migrationStage=NotStarted}
{"logTime": "0430/070951", "correlationVector":"xjPr4IVo7shmYDBgUTX/lg.3","action":"Commit.Preferences", "result":"Success", "context":{"id":"1028cc79-0712-4da9-9f78-1552745ae2f9", "isDeleted":"true", "size":"0", "version":"1745996981671"}}
{"logTime": "0430/071050", "correlationVector":"5TEbab+2jUSGjzSl/jF48J","action":"Commit Request", "result":"", "context":Item count: 1
Contributing types: Device Info}
{"logTime": "0430/071053", "correlationVector":"5TEbab+2jUSGjzSl/jF48J.1","action":"SyncServerConnectionManagerRequest", "result":"SYNC_SERVER_OK", "context":{"environment":"Prod_eastasia_prod-s01-034-apac-eastasia", "migrationStage":"NotStarted", "server":"akswtt00700002p"}}
{"logTime": "0430/071053", "correlationVector":"5TEbab+2jUSGjzSl/jF48J.2","action":"Commit Response", "result":"Success", "context":Result: Success. cV=5TEbab+2jUSGjzSl/jF48J.0;server=akswtt00700002p;cloudType=Consumer;environment=Prod_eastasia_prod-s01-034-apac-eastasia;migrationStage=NotStarted}
{"logTime": "0430/073110", "correlationVector":"l69xESW1VyHZQz1quRMSfz","action":"Commit Request", "result":"", "context":Item count: 1
Contributing types: Sessions}
{"logTime": "0430/073110", "correlationVector":"l69xESW1VyHZQz1quRMSfz.1","action":"SyncServerConnectionManagerRequest", "result":"SYNC_SERVER_OK", "context":{"environment":"Prod_japaneast_prod-s01-061-apac-japaneast", "migrationStage":"NotStarted", "server":"akswtt00700004e"}}
{"logTime": "0430/073110", "correlationVector":"l69xESW1VyHZQz1quRMSfz.2","action":"Commit Response", "result":"Success", "context":Result: Success. cV=l69xESW1VyHZQz1quRMSfz.0;server=akswtt00700004e;cloudType=Consumer;environment=Prod_japaneast_prod-s01-061-apac-japaneast;migrationStage=NotStarted}
{"logTime": "0430/073303", "correlationVector":"WcY9oiX9IB4I/vBZqQeXPR","action":"Commit Request", "result":"", "context":Item count: 1
Contributing types: Sessions}
{"logTime": "0430/073303", "correlationVector":"WcY9oiX9IB4I/vBZqQeXPR.1","action":"SyncServerConnectionManagerRequest", "result":"SYNC_SERVER_OK", "context":{"environment":"Prod_japaneast_prod-s01-061-apac-japaneast", "migrationStage":"NotStarted", "server":"akswtt00700003b"}}
{"logTime": "0430/073303", "correlationVector":"WcY9oiX9IB4I/vBZqQeXPR.2","action":"Commit Response", "result":"Success", "context":Result: Success. cV=WcY9oiX9IB4I/vBZqQeXPR.0;server=akswtt00700003b;cloudType=Consumer;environment=Prod_japaneast_prod-s01-061-apac-japaneast;migrationStage=NotStarted}
{"logTime": "0430/073603", "correlationVector":"ayRr5P5gk3V7bZMGg/b+va","action":"Commit Request", "result":"", "context":Item count: 1
Contributing types: History}
{"logTime": "0430/073604", "correlationVector":"ayRr5P5gk3V7bZMGg/b+va.1","action":"SyncServerConnectionManagerRequest", "result":"SYNC_SERVER_OK", "context":{"environment":"Prod_japaneast_prod-s01-061-apac-japaneast", "migrationStage":"NotStarted", "server":"akswtt00700003d"}}
{"logTime": "0430/073604", "correlationVector":"ayRr5P5gk3V7bZMGg/b+va.2","action":"Commit Response", "result":"Success", "context":Result: Success. cV=ayRr5P5gk3V7bZMGg/b+va.0;server=akswtt00700003d;cloudType=Consumer;environment=Prod_japaneast_prod-s01-061-apac-japaneast;migrationStage=NotStarted}
{"logTime": "0430/073705", "correlationVector":"gpA4eYS7NWC3PwvhzrT88w","action":"Commit Request", "result":"", "context":Item count: 1
Contributing types: Sessions}
{"logTime": "0430/073706", "correlationVector":"gpA4eYS7NWC3PwvhzrT88w.1","action":"SyncServerConnectionManagerRequest", "result":"SYNC_SERVER_OK", "context":{"environment":"Prod_japaneast_prod-s01-061-apac-japaneast", "migrationStage":"NotStarted", "server":"akswtt00700002j"}}
{"logTime": "0430/073706", "correlationVector":"gpA4eYS7NWC3PwvhzrT88w.2","action":"Commit Response", "result":"Success", "context":Result: Success. cV=gpA4eYS7NWC3PwvhzrT88w.0;server=akswtt00700002j;cloudType=Consumer;environment=Prod_japaneast_prod-s01-061-apac-japaneast;migrationStage=NotStarted}
